WARNING - 2025-08-05 00:16:29 --> [DEPRECATED] Passing lowercase HTTP method "get" is deprecated. Use uppercase HTTP method like "GET". in SYSTEMPATH\Router\RouteCollection.php on line 1026.
 1 SYSTEMPATH\Router\RouteCollection.php(1026): trigger_error('Passing lowercase HTTP method "get" is deprecated. Use uppercase HTTP method like "GET".', 16384)
 2 APPPATH\Config\Routes.php(54): CodeIgniter\Router\RouteCollection->match([...], 'create', 'Inventory::create')
 3 SYSTEMPATH\Router\RouteCollection.php(799): CodeIgniter\Router\RouteCollection->{closure}(Object(CodeIgniter\Router\RouteCollection))
 4 APPPATH\Config\Routes.php(52): CodeIgniter\Router\RouteCollection->group('inventory', Object(Closure))
 5 SYSTEMPATH\Router\RouteCollection.php(339): require('C:\\xampp\\htdocs\\SALONES codeigniter4\\app\\Config\\Routes.php')
 6 SYSTEMPATH\Test\bootstrap.php(90): CodeIgniter\Router\RouteCollection->loadRoutes()
 7 VENDORPATH\phpunit\phpunit\src\TextUI\Application.php(351): include_once('C:\\xampp\\htdocs\\SALONES codeigniter4\\system\\Test\\bootstrap.php')
 8 VENDORPATH\phpunit\phpunit\src\TextUI\Application.php(121): PHPUnit\TextUI\Application->loadBootstrapScript('C:\\xampp\\htdocs\\SALONES codeigniter4\\system/Test/bootstrap.php')
 9 VENDORPATH\phpunit\phpunit\phpunit(104): PHPUnit\TextUI\Application->run([...])
10 VENDORPATH\bin\phpunit(122): include('C:\\xampp\\htdocs\\SALONES codeigniter4\\vendor\\phpunit\\phpunit\\phpunit')
WARNING - 2025-08-05 00:16:29 --> [DEPRECATED] Passing lowercase HTTP method "post" is deprecated. Use uppercase HTTP method like "POST". in SYSTEMPATH\Router\RouteCollection.php on line 1026.
 1 SYSTEMPATH\Router\RouteCollection.php(1026): trigger_error('Passing lowercase HTTP method "post" is deprecated. Use uppercase HTTP method like "POST".', 16384)
 2 APPPATH\Config\Routes.php(54): CodeIgniter\Router\RouteCollection->match([...], 'create', 'Inventory::create')
 3 SYSTEMPATH\Router\RouteCollection.php(799): CodeIgniter\Router\RouteCollection->{closure}(Object(CodeIgniter\Router\RouteCollection))
 4 APPPATH\Config\Routes.php(52): CodeIgniter\Router\RouteCollection->group('inventory', Object(Closure))
 5 SYSTEMPATH\Router\RouteCollection.php(339): require('C:\\xampp\\htdocs\\SALONES codeigniter4\\app\\Config\\Routes.php')
 6 SYSTEMPATH\Test\bootstrap.php(90): CodeIgniter\Router\RouteCollection->loadRoutes()
 7 VENDORPATH\phpunit\phpunit\src\TextUI\Application.php(351): include_once('C:\\xampp\\htdocs\\SALONES codeigniter4\\system\\Test\\bootstrap.php')
 8 VENDORPATH\phpunit\phpunit\src\TextUI\Application.php(121): PHPUnit\TextUI\Application->loadBootstrapScript('C:\\xampp\\htdocs\\SALONES codeigniter4\\system/Test/bootstrap.php')
 9 VENDORPATH\phpunit\phpunit\phpunit(104): PHPUnit\TextUI\Application->run([...])
10 VENDORPATH\bin\phpunit(122): include('C:\\xampp\\htdocs\\SALONES codeigniter4\\vendor\\phpunit\\phpunit\\phpunit')
WARNING - 2025-08-05 00:16:29 --> [DEPRECATED] Passing lowercase HTTP method "put" is deprecated. Use uppercase HTTP method like "PUT". in SYSTEMPATH\Router\RouteCollection.php on line 1026.
 1 SYSTEMPATH\Router\RouteCollection.php(1026): trigger_error('Passing lowercase HTTP method "put" is deprecated. Use uppercase HTTP method like "PUT".', 16384)
 2 APPPATH\Config\Routes.php(79): CodeIgniter\Router\RouteCollection->match([...], 'update/(:num)', 'User::update/$1')
 3 SYSTEMPATH\Router\RouteCollection.php(799): CodeIgniter\Router\RouteCollection->{closure}(Object(CodeIgniter\Router\RouteCollection))
 4 APPPATH\Config\Routes.php(71): CodeIgniter\Router\RouteCollection->group('users', [...], Object(Closure))
 5 SYSTEMPATH\Router\RouteCollection.php(339): require('C:\\xampp\\htdocs\\SALONES codeigniter4\\app\\Config\\Routes.php')
 6 SYSTEMPATH\Test\bootstrap.php(90): CodeIgniter\Router\RouteCollection->loadRoutes()
 7 VENDORPATH\phpunit\phpunit\src\TextUI\Application.php(351): include_once('C:\\xampp\\htdocs\\SALONES codeigniter4\\system\\Test\\bootstrap.php')
 8 VENDORPATH\phpunit\phpunit\src\TextUI\Application.php(121): PHPUnit\TextUI\Application->loadBootstrapScript('C:\\xampp\\htdocs\\SALONES codeigniter4\\system/Test/bootstrap.php')
 9 VENDORPATH\phpunit\phpunit\phpunit(104): PHPUnit\TextUI\Application->run([...])
10 VENDORPATH\bin\phpunit(122): include('C:\\xampp\\htdocs\\SALONES codeigniter4\\vendor\\phpunit\\phpunit\\phpunit')
WARNING - 2025-08-05 00:16:29 --> [DEPRECATED] Passing lowercase HTTP method "post" is deprecated. Use uppercase HTTP method like "POST". in SYSTEMPATH\Router\RouteCollection.php on line 1026.
 1 SYSTEMPATH\Router\RouteCollection.php(1026): trigger_error('Passing lowercase HTTP method "post" is deprecated. Use uppercase HTTP method like "POST".', 16384)
 2 APPPATH\Config\Routes.php(79): CodeIgniter\Router\RouteCollection->match([...], 'update/(:num)', 'User::update/$1')
 3 SYSTEMPATH\Router\RouteCollection.php(799): CodeIgniter\Router\RouteCollection->{closure}(Object(CodeIgniter\Router\RouteCollection))
 4 APPPATH\Config\Routes.php(71): CodeIgniter\Router\RouteCollection->group('users', [...], Object(Closure))
 5 SYSTEMPATH\Router\RouteCollection.php(339): require('C:\\xampp\\htdocs\\SALONES codeigniter4\\app\\Config\\Routes.php')
 6 SYSTEMPATH\Test\bootstrap.php(90): CodeIgniter\Router\RouteCollection->loadRoutes()
 7 VENDORPATH\phpunit\phpunit\src\TextUI\Application.php(351): include_once('C:\\xampp\\htdocs\\SALONES codeigniter4\\system\\Test\\bootstrap.php')
 8 VENDORPATH\phpunit\phpunit\src\TextUI\Application.php(121): PHPUnit\TextUI\Application->loadBootstrapScript('C:\\xampp\\htdocs\\SALONES codeigniter4\\system/Test/bootstrap.php')
 9 VENDORPATH\phpunit\phpunit\phpunit(104): PHPUnit\TextUI\Application->run([...])
10 VENDORPATH\bin\phpunit(122): include('C:\\xampp\\htdocs\\SALONES codeigniter4\\vendor\\phpunit\\phpunit\\phpunit')
WARNING - 2025-08-05 00:35:57 --> [DEPRECATED] Passing lowercase HTTP method "get" is deprecated. Use uppercase HTTP method like "GET". in SYSTEMPATH\Router\RouteCollection.php on line 1026.
 1 SYSTEMPATH\Router\RouteCollection.php(1026): trigger_error('Passing lowercase HTTP method "get" is deprecated. Use uppercase HTTP method like "GET".', 16384)
 2 APPPATH\Config\Routes.php(54): CodeIgniter\Router\RouteCollection->match([...], 'create', 'Inventory::create')
 3 SYSTEMPATH\Router\RouteCollection.php(799): CodeIgniter\Router\RouteCollection->{closure}(Object(CodeIgniter\Router\RouteCollection))
 4 APPPATH\Config\Routes.php(52): CodeIgniter\Router\RouteCollection->group('inventory', Object(Closure))
 5 SYSTEMPATH\Router\RouteCollection.php(339): require('C:\\xampp\\htdocs\\SALONES codeigniter4\\app\\Config\\Routes.php')
 6 SYSTEMPATH\Test\bootstrap.php(90): CodeIgniter\Router\RouteCollection->loadRoutes()
 7 VENDORPATH\phpunit\phpunit\src\TextUI\Application.php(351): include_once('C:\\xampp\\htdocs\\SALONES codeigniter4\\system\\Test\\bootstrap.php')
 8 VENDORPATH\phpunit\phpunit\src\TextUI\Application.php(121): PHPUnit\TextUI\Application->loadBootstrapScript('C:\\xampp\\htdocs\\SALONES codeigniter4\\system/Test/bootstrap.php')
 9 VENDORPATH\phpunit\phpunit\phpunit(104): PHPUnit\TextUI\Application->run([...])
10 VENDORPATH\bin\phpunit(122): include('C:\\xampp\\htdocs\\SALONES codeigniter4\\vendor\\phpunit\\phpunit\\phpunit')
WARNING - 2025-08-05 00:35:57 --> [DEPRECATED] Passing lowercase HTTP method "post" is deprecated. Use uppercase HTTP method like "POST". in SYSTEMPATH\Router\RouteCollection.php on line 1026.
 1 SYSTEMPATH\Router\RouteCollection.php(1026): trigger_error('Passing lowercase HTTP method "post" is deprecated. Use uppercase HTTP method like "POST".', 16384)
 2 APPPATH\Config\Routes.php(54): CodeIgniter\Router\RouteCollection->match([...], 'create', 'Inventory::create')
 3 SYSTEMPATH\Router\RouteCollection.php(799): CodeIgniter\Router\RouteCollection->{closure}(Object(CodeIgniter\Router\RouteCollection))
 4 APPPATH\Config\Routes.php(52): CodeIgniter\Router\RouteCollection->group('inventory', Object(Closure))
 5 SYSTEMPATH\Router\RouteCollection.php(339): require('C:\\xampp\\htdocs\\SALONES codeigniter4\\app\\Config\\Routes.php')
 6 SYSTEMPATH\Test\bootstrap.php(90): CodeIgniter\Router\RouteCollection->loadRoutes()
 7 VENDORPATH\phpunit\phpunit\src\TextUI\Application.php(351): include_once('C:\\xampp\\htdocs\\SALONES codeigniter4\\system\\Test\\bootstrap.php')
 8 VENDORPATH\phpunit\phpunit\src\TextUI\Application.php(121): PHPUnit\TextUI\Application->loadBootstrapScript('C:\\xampp\\htdocs\\SALONES codeigniter4\\system/Test/bootstrap.php')
 9 VENDORPATH\phpunit\phpunit\phpunit(104): PHPUnit\TextUI\Application->run([...])
10 VENDORPATH\bin\phpunit(122): include('C:\\xampp\\htdocs\\SALONES codeigniter4\\vendor\\phpunit\\phpunit\\phpunit')
WARNING - 2025-08-05 00:35:57 --> [DEPRECATED] Passing lowercase HTTP method "put" is deprecated. Use uppercase HTTP method like "PUT". in SYSTEMPATH\Router\RouteCollection.php on line 1026.
 1 SYSTEMPATH\Router\RouteCollection.php(1026): trigger_error('Passing lowercase HTTP method "put" is deprecated. Use uppercase HTTP method like "PUT".', 16384)
 2 APPPATH\Config\Routes.php(79): CodeIgniter\Router\RouteCollection->match([...], 'update/(:num)', 'User::update/$1')
 3 SYSTEMPATH\Router\RouteCollection.php(799): CodeIgniter\Router\RouteCollection->{closure}(Object(CodeIgniter\Router\RouteCollection))
 4 APPPATH\Config\Routes.php(71): CodeIgniter\Router\RouteCollection->group('users', [...], Object(Closure))
 5 SYSTEMPATH\Router\RouteCollection.php(339): require('C:\\xampp\\htdocs\\SALONES codeigniter4\\app\\Config\\Routes.php')
 6 SYSTEMPATH\Test\bootstrap.php(90): CodeIgniter\Router\RouteCollection->loadRoutes()
 7 VENDORPATH\phpunit\phpunit\src\TextUI\Application.php(351): include_once('C:\\xampp\\htdocs\\SALONES codeigniter4\\system\\Test\\bootstrap.php')
 8 VENDORPATH\phpunit\phpunit\src\TextUI\Application.php(121): PHPUnit\TextUI\Application->loadBootstrapScript('C:\\xampp\\htdocs\\SALONES codeigniter4\\system/Test/bootstrap.php')
 9 VENDORPATH\phpunit\phpunit\phpunit(104): PHPUnit\TextUI\Application->run([...])
10 VENDORPATH\bin\phpunit(122): include('C:\\xampp\\htdocs\\SALONES codeigniter4\\vendor\\phpunit\\phpunit\\phpunit')
WARNING - 2025-08-05 00:35:57 --> [DEPRECATED] Passing lowercase HTTP method "post" is deprecated. Use uppercase HTTP method like "POST". in SYSTEMPATH\Router\RouteCollection.php on line 1026.
 1 SYSTEMPATH\Router\RouteCollection.php(1026): trigger_error('Passing lowercase HTTP method "post" is deprecated. Use uppercase HTTP method like "POST".', 16384)
 2 APPPATH\Config\Routes.php(79): CodeIgniter\Router\RouteCollection->match([...], 'update/(:num)', 'User::update/$1')
 3 SYSTEMPATH\Router\RouteCollection.php(799): CodeIgniter\Router\RouteCollection->{closure}(Object(CodeIgniter\Router\RouteCollection))
 4 APPPATH\Config\Routes.php(71): CodeIgniter\Router\RouteCollection->group('users', [...], Object(Closure))
 5 SYSTEMPATH\Router\RouteCollection.php(339): require('C:\\xampp\\htdocs\\SALONES codeigniter4\\app\\Config\\Routes.php')
 6 SYSTEMPATH\Test\bootstrap.php(90): CodeIgniter\Router\RouteCollection->loadRoutes()
 7 VENDORPATH\phpunit\phpunit\src\TextUI\Application.php(351): include_once('C:\\xampp\\htdocs\\SALONES codeigniter4\\system\\Test\\bootstrap.php')
 8 VENDORPATH\phpunit\phpunit\src\TextUI\Application.php(121): PHPUnit\TextUI\Application->loadBootstrapScript('C:\\xampp\\htdocs\\SALONES codeigniter4\\system/Test/bootstrap.php')
 9 VENDORPATH\phpunit\phpunit\phpunit(104): PHPUnit\TextUI\Application->run([...])
10 VENDORPATH\bin\phpunit(122): include('C:\\xampp\\htdocs\\SALONES codeigniter4\\vendor\\phpunit\\phpunit\\phpunit')
WARNING - 2025-08-05 00:37:09 --> [DEPRECATED] Passing lowercase HTTP method "get" is deprecated. Use uppercase HTTP method like "GET". in SYSTEMPATH\Router\RouteCollection.php on line 1026.
 1 SYSTEMPATH\Router\RouteCollection.php(1026): trigger_error('Passing lowercase HTTP method "get" is deprecated. Use uppercase HTTP method like "GET".', 16384)
 2 APPPATH\Config\Routes.php(54): CodeIgniter\Router\RouteCollection->match([...], 'create', 'Inventory::create')
 3 SYSTEMPATH\Router\RouteCollection.php(799): CodeIgniter\Router\RouteCollection->{closure}(Object(CodeIgniter\Router\RouteCollection))
 4 APPPATH\Config\Routes.php(52): CodeIgniter\Router\RouteCollection->group('inventory', Object(Closure))
 5 SYSTEMPATH\Router\RouteCollection.php(339): require('C:\\xampp\\htdocs\\SALONES codeigniter4\\app\\Config\\Routes.php')
 6 SYSTEMPATH\Test\bootstrap.php(90): CodeIgniter\Router\RouteCollection->loadRoutes()
 7 VENDORPATH\phpunit\phpunit\src\TextUI\Application.php(351): include_once('C:\\xampp\\htdocs\\SALONES codeigniter4\\system\\Test\\bootstrap.php')
 8 VENDORPATH\phpunit\phpunit\src\TextUI\Application.php(121): PHPUnit\TextUI\Application->loadBootstrapScript('C:\\xampp\\htdocs\\SALONES codeigniter4\\system/Test/bootstrap.php')
 9 VENDORPATH\phpunit\phpunit\phpunit(104): PHPUnit\TextUI\Application->run([...])
10 VENDORPATH\bin\phpunit(122): include('C:\\xampp\\htdocs\\SALONES codeigniter4\\vendor\\phpunit\\phpunit\\phpunit')
WARNING - 2025-08-05 00:37:09 --> [DEPRECATED] Passing lowercase HTTP method "post" is deprecated. Use uppercase HTTP method like "POST". in SYSTEMPATH\Router\RouteCollection.php on line 1026.
 1 SYSTEMPATH\Router\RouteCollection.php(1026): trigger_error('Passing lowercase HTTP method "post" is deprecated. Use uppercase HTTP method like "POST".', 16384)
 2 APPPATH\Config\Routes.php(54): CodeIgniter\Router\RouteCollection->match([...], 'create', 'Inventory::create')
 3 SYSTEMPATH\Router\RouteCollection.php(799): CodeIgniter\Router\RouteCollection->{closure}(Object(CodeIgniter\Router\RouteCollection))
 4 APPPATH\Config\Routes.php(52): CodeIgniter\Router\RouteCollection->group('inventory', Object(Closure))
 5 SYSTEMPATH\Router\RouteCollection.php(339): require('C:\\xampp\\htdocs\\SALONES codeigniter4\\app\\Config\\Routes.php')
 6 SYSTEMPATH\Test\bootstrap.php(90): CodeIgniter\Router\RouteCollection->loadRoutes()
 7 VENDORPATH\phpunit\phpunit\src\TextUI\Application.php(351): include_once('C:\\xampp\\htdocs\\SALONES codeigniter4\\system\\Test\\bootstrap.php')
 8 VENDORPATH\phpunit\phpunit\src\TextUI\Application.php(121): PHPUnit\TextUI\Application->loadBootstrapScript('C:\\xampp\\htdocs\\SALONES codeigniter4\\system/Test/bootstrap.php')
 9 VENDORPATH\phpunit\phpunit\phpunit(104): PHPUnit\TextUI\Application->run([...])
10 VENDORPATH\bin\phpunit(122): include('C:\\xampp\\htdocs\\SALONES codeigniter4\\vendor\\phpunit\\phpunit\\phpunit')
WARNING - 2025-08-05 00:37:09 --> [DEPRECATED] Passing lowercase HTTP method "put" is deprecated. Use uppercase HTTP method like "PUT". in SYSTEMPATH\Router\RouteCollection.php on line 1026.
 1 SYSTEMPATH\Router\RouteCollection.php(1026): trigger_error('Passing lowercase HTTP method "put" is deprecated. Use uppercase HTTP method like "PUT".', 16384)
 2 APPPATH\Config\Routes.php(79): CodeIgniter\Router\RouteCollection->match([...], 'update/(:num)', 'User::update/$1')
 3 SYSTEMPATH\Router\RouteCollection.php(799): CodeIgniter\Router\RouteCollection->{closure}(Object(CodeIgniter\Router\RouteCollection))
 4 APPPATH\Config\Routes.php(71): CodeIgniter\Router\RouteCollection->group('users', [...], Object(Closure))
 5 SYSTEMPATH\Router\RouteCollection.php(339): require('C:\\xampp\\htdocs\\SALONES codeigniter4\\app\\Config\\Routes.php')
 6 SYSTEMPATH\Test\bootstrap.php(90): CodeIgniter\Router\RouteCollection->loadRoutes()
 7 VENDORPATH\phpunit\phpunit\src\TextUI\Application.php(351): include_once('C:\\xampp\\htdocs\\SALONES codeigniter4\\system\\Test\\bootstrap.php')
 8 VENDORPATH\phpunit\phpunit\src\TextUI\Application.php(121): PHPUnit\TextUI\Application->loadBootstrapScript('C:\\xampp\\htdocs\\SALONES codeigniter4\\system/Test/bootstrap.php')
 9 VENDORPATH\phpunit\phpunit\phpunit(104): PHPUnit\TextUI\Application->run([...])
10 VENDORPATH\bin\phpunit(122): include('C:\\xampp\\htdocs\\SALONES codeigniter4\\vendor\\phpunit\\phpunit\\phpunit')
WARNING - 2025-08-05 00:37:09 --> [DEPRECATED] Passing lowercase HTTP method "post" is deprecated. Use uppercase HTTP method like "POST". in SYSTEMPATH\Router\RouteCollection.php on line 1026.
 1 SYSTEMPATH\Router\RouteCollection.php(1026): trigger_error('Passing lowercase HTTP method "post" is deprecated. Use uppercase HTTP method like "POST".', 16384)
 2 APPPATH\Config\Routes.php(79): CodeIgniter\Router\RouteCollection->match([...], 'update/(:num)', 'User::update/$1')
 3 SYSTEMPATH\Router\RouteCollection.php(799): CodeIgniter\Router\RouteCollection->{closure}(Object(CodeIgniter\Router\RouteCollection))
 4 APPPATH\Config\Routes.php(71): CodeIgniter\Router\RouteCollection->group('users', [...], Object(Closure))
 5 SYSTEMPATH\Router\RouteCollection.php(339): require('C:\\xampp\\htdocs\\SALONES codeigniter4\\app\\Config\\Routes.php')
 6 SYSTEMPATH\Test\bootstrap.php(90): CodeIgniter\Router\RouteCollection->loadRoutes()
 7 VENDORPATH\phpunit\phpunit\src\TextUI\Application.php(351): include_once('C:\\xampp\\htdocs\\SALONES codeigniter4\\system\\Test\\bootstrap.php')
 8 VENDORPATH\phpunit\phpunit\src\TextUI\Application.php(121): PHPUnit\TextUI\Application->loadBootstrapScript('C:\\xampp\\htdocs\\SALONES codeigniter4\\system/Test/bootstrap.php')
 9 VENDORPATH\phpunit\phpunit\phpunit(104): PHPUnit\TextUI\Application->run([...])
10 VENDORPATH\bin\phpunit(122): include('C:\\xampp\\htdocs\\SALONES codeigniter4\\vendor\\phpunit\\phpunit\\phpunit')
WARNING - 2025-08-05 00:38:09 --> [DEPRECATED] Passing lowercase HTTP method "get" is deprecated. Use uppercase HTTP method like "GET". in SYSTEMPATH\Router\RouteCollection.php on line 1026.
 1 SYSTEMPATH\Router\RouteCollection.php(1026): trigger_error('Passing lowercase HTTP method "get" is deprecated. Use uppercase HTTP method like "GET".', 16384)
 2 APPPATH\Config\Routes.php(54): CodeIgniter\Router\RouteCollection->match([...], 'create', 'Inventory::create')
 3 SYSTEMPATH\Router\RouteCollection.php(799): CodeIgniter\Router\RouteCollection->{closure}(Object(CodeIgniter\Router\RouteCollection))
 4 APPPATH\Config\Routes.php(52): CodeIgniter\Router\RouteCollection->group('inventory', Object(Closure))
 5 SYSTEMPATH\Router\RouteCollection.php(339): require('C:\\xampp\\htdocs\\SALONES codeigniter4\\app\\Config\\Routes.php')
 6 SYSTEMPATH\Test\bootstrap.php(90): CodeIgniter\Router\RouteCollection->loadRoutes()
 7 VENDORPATH\phpunit\phpunit\src\TextUI\Application.php(351): include_once('C:\\xampp\\htdocs\\SALONES codeigniter4\\system\\Test\\bootstrap.php')
 8 VENDORPATH\phpunit\phpunit\src\TextUI\Application.php(121): PHPUnit\TextUI\Application->loadBootstrapScript('C:\\xampp\\htdocs\\SALONES codeigniter4\\system/Test/bootstrap.php')
 9 VENDORPATH\phpunit\phpunit\phpunit(104): PHPUnit\TextUI\Application->run([...])
10 VENDORPATH\bin\phpunit(122): include('C:\\xampp\\htdocs\\SALONES codeigniter4\\vendor\\phpunit\\phpunit\\phpunit')
WARNING - 2025-08-05 00:38:09 --> [DEPRECATED] Passing lowercase HTTP method "post" is deprecated. Use uppercase HTTP method like "POST". in SYSTEMPATH\Router\RouteCollection.php on line 1026.
 1 SYSTEMPATH\Router\RouteCollection.php(1026): trigger_error('Passing lowercase HTTP method "post" is deprecated. Use uppercase HTTP method like "POST".', 16384)
 2 APPPATH\Config\Routes.php(54): CodeIgniter\Router\RouteCollection->match([...], 'create', 'Inventory::create')
 3 SYSTEMPATH\Router\RouteCollection.php(799): CodeIgniter\Router\RouteCollection->{closure}(Object(CodeIgniter\Router\RouteCollection))
 4 APPPATH\Config\Routes.php(52): CodeIgniter\Router\RouteCollection->group('inventory', Object(Closure))
 5 SYSTEMPATH\Router\RouteCollection.php(339): require('C:\\xampp\\htdocs\\SALONES codeigniter4\\app\\Config\\Routes.php')
 6 SYSTEMPATH\Test\bootstrap.php(90): CodeIgniter\Router\RouteCollection->loadRoutes()
 7 VENDORPATH\phpunit\phpunit\src\TextUI\Application.php(351): include_once('C:\\xampp\\htdocs\\SALONES codeigniter4\\system\\Test\\bootstrap.php')
 8 VENDORPATH\phpunit\phpunit\src\TextUI\Application.php(121): PHPUnit\TextUI\Application->loadBootstrapScript('C:\\xampp\\htdocs\\SALONES codeigniter4\\system/Test/bootstrap.php')
 9 VENDORPATH\phpunit\phpunit\phpunit(104): PHPUnit\TextUI\Application->run([...])
10 VENDORPATH\bin\phpunit(122): include('C:\\xampp\\htdocs\\SALONES codeigniter4\\vendor\\phpunit\\phpunit\\phpunit')
WARNING - 2025-08-05 00:38:09 --> [DEPRECATED] Passing lowercase HTTP method "put" is deprecated. Use uppercase HTTP method like "PUT". in SYSTEMPATH\Router\RouteCollection.php on line 1026.
 1 SYSTEMPATH\Router\RouteCollection.php(1026): trigger_error('Passing lowercase HTTP method "put" is deprecated. Use uppercase HTTP method like "PUT".', 16384)
 2 APPPATH\Config\Routes.php(79): CodeIgniter\Router\RouteCollection->match([...], 'update/(:num)', 'User::update/$1')
 3 SYSTEMPATH\Router\RouteCollection.php(799): CodeIgniter\Router\RouteCollection->{closure}(Object(CodeIgniter\Router\RouteCollection))
 4 APPPATH\Config\Routes.php(71): CodeIgniter\Router\RouteCollection->group('users', [...], Object(Closure))
 5 SYSTEMPATH\Router\RouteCollection.php(339): require('C:\\xampp\\htdocs\\SALONES codeigniter4\\app\\Config\\Routes.php')
 6 SYSTEMPATH\Test\bootstrap.php(90): CodeIgniter\Router\RouteCollection->loadRoutes()
 7 VENDORPATH\phpunit\phpunit\src\TextUI\Application.php(351): include_once('C:\\xampp\\htdocs\\SALONES codeigniter4\\system\\Test\\bootstrap.php')
 8 VENDORPATH\phpunit\phpunit\src\TextUI\Application.php(121): PHPUnit\TextUI\Application->loadBootstrapScript('C:\\xampp\\htdocs\\SALONES codeigniter4\\system/Test/bootstrap.php')
 9 VENDORPATH\phpunit\phpunit\phpunit(104): PHPUnit\TextUI\Application->run([...])
10 VENDORPATH\bin\phpunit(122): include('C:\\xampp\\htdocs\\SALONES codeigniter4\\vendor\\phpunit\\phpunit\\phpunit')
WARNING - 2025-08-05 00:38:09 --> [DEPRECATED] Passing lowercase HTTP method "post" is deprecated. Use uppercase HTTP method like "POST". in SYSTEMPATH\Router\RouteCollection.php on line 1026.
 1 SYSTEMPATH\Router\RouteCollection.php(1026): trigger_error('Passing lowercase HTTP method "post" is deprecated. Use uppercase HTTP method like "POST".', 16384)
 2 APPPATH\Config\Routes.php(79): CodeIgniter\Router\RouteCollection->match([...], 'update/(:num)', 'User::update/$1')
 3 SYSTEMPATH\Router\RouteCollection.php(799): CodeIgniter\Router\RouteCollection->{closure}(Object(CodeIgniter\Router\RouteCollection))
 4 APPPATH\Config\Routes.php(71): CodeIgniter\Router\RouteCollection->group('users', [...], Object(Closure))
 5 SYSTEMPATH\Router\RouteCollection.php(339): require('C:\\xampp\\htdocs\\SALONES codeigniter4\\app\\Config\\Routes.php')
 6 SYSTEMPATH\Test\bootstrap.php(90): CodeIgniter\Router\RouteCollection->loadRoutes()
 7 VENDORPATH\phpunit\phpunit\src\TextUI\Application.php(351): include_once('C:\\xampp\\htdocs\\SALONES codeigniter4\\system\\Test\\bootstrap.php')
 8 VENDORPATH\phpunit\phpunit\src\TextUI\Application.php(121): PHPUnit\TextUI\Application->loadBootstrapScript('C:\\xampp\\htdocs\\SALONES codeigniter4\\system/Test/bootstrap.php')
 9 VENDORPATH\phpunit\phpunit\phpunit(104): PHPUnit\TextUI\Application->run([...])
10 VENDORPATH\bin\phpunit(122): include('C:\\xampp\\htdocs\\SALONES codeigniter4\\vendor\\phpunit\\phpunit\\phpunit')
WARNING - 2025-08-05 00:39:46 --> [DEPRECATED] Passing lowercase HTTP method "get" is deprecated. Use uppercase HTTP method like "GET". in SYSTEMPATH\Router\RouteCollection.php on line 1026.
 1 SYSTEMPATH\Router\RouteCollection.php(1026): trigger_error('Passing lowercase HTTP method "get" is deprecated. Use uppercase HTTP method like "GET".', 16384)
 2 APPPATH\Config\Routes.php(54): CodeIgniter\Router\RouteCollection->match([...], 'create', 'Inventory::create')
 3 SYSTEMPATH\Router\RouteCollection.php(799): CodeIgniter\Router\RouteCollection->{closure}(Object(CodeIgniter\Router\RouteCollection))
 4 APPPATH\Config\Routes.php(52): CodeIgniter\Router\RouteCollection->group('inventory', Object(Closure))
 5 SYSTEMPATH\Router\RouteCollection.php(339): require('C:\\xampp\\htdocs\\SALONES codeigniter4\\app\\Config\\Routes.php')
 6 SYSTEMPATH\Test\bootstrap.php(90): CodeIgniter\Router\RouteCollection->loadRoutes()
 7 VENDORPATH\phpunit\phpunit\src\TextUI\Application.php(351): include_once('C:\\xampp\\htdocs\\SALONES codeigniter4\\system\\Test\\bootstrap.php')
 8 VENDORPATH\phpunit\phpunit\src\TextUI\Application.php(121): PHPUnit\TextUI\Application->loadBootstrapScript('C:\\xampp\\htdocs\\SALONES codeigniter4\\system/Test/bootstrap.php')
 9 VENDORPATH\phpunit\phpunit\phpunit(104): PHPUnit\TextUI\Application->run([...])
10 VENDORPATH\bin\phpunit(122): include('C:\\xampp\\htdocs\\SALONES codeigniter4\\vendor\\phpunit\\phpunit\\phpunit')
WARNING - 2025-08-05 00:39:46 --> [DEPRECATED] Passing lowercase HTTP method "post" is deprecated. Use uppercase HTTP method like "POST". in SYSTEMPATH\Router\RouteCollection.php on line 1026.
 1 SYSTEMPATH\Router\RouteCollection.php(1026): trigger_error('Passing lowercase HTTP method "post" is deprecated. Use uppercase HTTP method like "POST".', 16384)
 2 APPPATH\Config\Routes.php(54): CodeIgniter\Router\RouteCollection->match([...], 'create', 'Inventory::create')
 3 SYSTEMPATH\Router\RouteCollection.php(799): CodeIgniter\Router\RouteCollection->{closure}(Object(CodeIgniter\Router\RouteCollection))
 4 APPPATH\Config\Routes.php(52): CodeIgniter\Router\RouteCollection->group('inventory', Object(Closure))
 5 SYSTEMPATH\Router\RouteCollection.php(339): require('C:\\xampp\\htdocs\\SALONES codeigniter4\\app\\Config\\Routes.php')
 6 SYSTEMPATH\Test\bootstrap.php(90): CodeIgniter\Router\RouteCollection->loadRoutes()
 7 VENDORPATH\phpunit\phpunit\src\TextUI\Application.php(351): include_once('C:\\xampp\\htdocs\\SALONES codeigniter4\\system\\Test\\bootstrap.php')
 8 VENDORPATH\phpunit\phpunit\src\TextUI\Application.php(121): PHPUnit\TextUI\Application->loadBootstrapScript('C:\\xampp\\htdocs\\SALONES codeigniter4\\system/Test/bootstrap.php')
 9 VENDORPATH\phpunit\phpunit\phpunit(104): PHPUnit\TextUI\Application->run([...])
10 VENDORPATH\bin\phpunit(122): include('C:\\xampp\\htdocs\\SALONES codeigniter4\\vendor\\phpunit\\phpunit\\phpunit')
WARNING - 2025-08-05 00:39:46 --> [DEPRECATED] Passing lowercase HTTP method "put" is deprecated. Use uppercase HTTP method like "PUT". in SYSTEMPATH\Router\RouteCollection.php on line 1026.
 1 SYSTEMPATH\Router\RouteCollection.php(1026): trigger_error('Passing lowercase HTTP method "put" is deprecated. Use uppercase HTTP method like "PUT".', 16384)
 2 APPPATH\Config\Routes.php(79): CodeIgniter\Router\RouteCollection->match([...], 'update/(:num)', 'User::update/$1')
 3 SYSTEMPATH\Router\RouteCollection.php(799): CodeIgniter\Router\RouteCollection->{closure}(Object(CodeIgniter\Router\RouteCollection))
 4 APPPATH\Config\Routes.php(71): CodeIgniter\Router\RouteCollection->group('users', [...], Object(Closure))
 5 SYSTEMPATH\Router\RouteCollection.php(339): require('C:\\xampp\\htdocs\\SALONES codeigniter4\\app\\Config\\Routes.php')
 6 SYSTEMPATH\Test\bootstrap.php(90): CodeIgniter\Router\RouteCollection->loadRoutes()
 7 VENDORPATH\phpunit\phpunit\src\TextUI\Application.php(351): include_once('C:\\xampp\\htdocs\\SALONES codeigniter4\\system\\Test\\bootstrap.php')
 8 VENDORPATH\phpunit\phpunit\src\TextUI\Application.php(121): PHPUnit\TextUI\Application->loadBootstrapScript('C:\\xampp\\htdocs\\SALONES codeigniter4\\system/Test/bootstrap.php')
 9 VENDORPATH\phpunit\phpunit\phpunit(104): PHPUnit\TextUI\Application->run([...])
10 VENDORPATH\bin\phpunit(122): include('C:\\xampp\\htdocs\\SALONES codeigniter4\\vendor\\phpunit\\phpunit\\phpunit')
WARNING - 2025-08-05 00:39:46 --> [DEPRECATED] Passing lowercase HTTP method "post" is deprecated. Use uppercase HTTP method like "POST". in SYSTEMPATH\Router\RouteCollection.php on line 1026.
 1 SYSTEMPATH\Router\RouteCollection.php(1026): trigger_error('Passing lowercase HTTP method "post" is deprecated. Use uppercase HTTP method like "POST".', 16384)
 2 APPPATH\Config\Routes.php(79): CodeIgniter\Router\RouteCollection->match([...], 'update/(:num)', 'User::update/$1')
 3 SYSTEMPATH\Router\RouteCollection.php(799): CodeIgniter\Router\RouteCollection->{closure}(Object(CodeIgniter\Router\RouteCollection))
 4 APPPATH\Config\Routes.php(71): CodeIgniter\Router\RouteCollection->group('users', [...], Object(Closure))
 5 SYSTEMPATH\Router\RouteCollection.php(339): require('C:\\xampp\\htdocs\\SALONES codeigniter4\\app\\Config\\Routes.php')
 6 SYSTEMPATH\Test\bootstrap.php(90): CodeIgniter\Router\RouteCollection->loadRoutes()
 7 VENDORPATH\phpunit\phpunit\src\TextUI\Application.php(351): include_once('C:\\xampp\\htdocs\\SALONES codeigniter4\\system\\Test\\bootstrap.php')
 8 VENDORPATH\phpunit\phpunit\src\TextUI\Application.php(121): PHPUnit\TextUI\Application->loadBootstrapScript('C:\\xampp\\htdocs\\SALONES codeigniter4\\system/Test/bootstrap.php')
 9 VENDORPATH\phpunit\phpunit\phpunit(104): PHPUnit\TextUI\Application->run([...])
10 VENDORPATH\bin\phpunit(122): include('C:\\xampp\\htdocs\\SALONES codeigniter4\\vendor\\phpunit\\phpunit\\phpunit')
WARNING - 2025-08-05 00:40:36 --> [DEPRECATED] Passing lowercase HTTP method "get" is deprecated. Use uppercase HTTP method like "GET". in SYSTEMPATH\Router\RouteCollection.php on line 1026.
 1 SYSTEMPATH\Router\RouteCollection.php(1026): trigger_error('Passing lowercase HTTP method "get" is deprecated. Use uppercase HTTP method like "GET".', 16384)
 2 APPPATH\Config\Routes.php(54): CodeIgniter\Router\RouteCollection->match([...], 'create', 'Inventory::create')
 3 SYSTEMPATH\Router\RouteCollection.php(799): CodeIgniter\Router\RouteCollection->{closure}(Object(CodeIgniter\Router\RouteCollection))
 4 APPPATH\Config\Routes.php(52): CodeIgniter\Router\RouteCollection->group('inventory', Object(Closure))
 5 SYSTEMPATH\Router\RouteCollection.php(339): require('C:\\xampp\\htdocs\\SALONES codeigniter4\\app\\Config\\Routes.php')
 6 SYSTEMPATH\Test\bootstrap.php(90): CodeIgniter\Router\RouteCollection->loadRoutes()
 7 VENDORPATH\phpunit\phpunit\src\TextUI\Application.php(351): include_once('C:\\xampp\\htdocs\\SALONES codeigniter4\\system\\Test\\bootstrap.php')
 8 VENDORPATH\phpunit\phpunit\src\TextUI\Application.php(121): PHPUnit\TextUI\Application->loadBootstrapScript('C:\\xampp\\htdocs\\SALONES codeigniter4\\system/Test/bootstrap.php')
 9 VENDORPATH\phpunit\phpunit\phpunit(104): PHPUnit\TextUI\Application->run([...])
10 VENDORPATH\bin\phpunit(122): include('C:\\xampp\\htdocs\\SALONES codeigniter4\\vendor\\phpunit\\phpunit\\phpunit')
WARNING - 2025-08-05 00:40:36 --> [DEPRECATED] Passing lowercase HTTP method "post" is deprecated. Use uppercase HTTP method like "POST". in SYSTEMPATH\Router\RouteCollection.php on line 1026.
 1 SYSTEMPATH\Router\RouteCollection.php(1026): trigger_error('Passing lowercase HTTP method "post" is deprecated. Use uppercase HTTP method like "POST".', 16384)
 2 APPPATH\Config\Routes.php(54): CodeIgniter\Router\RouteCollection->match([...], 'create', 'Inventory::create')
 3 SYSTEMPATH\Router\RouteCollection.php(799): CodeIgniter\Router\RouteCollection->{closure}(Object(CodeIgniter\Router\RouteCollection))
 4 APPPATH\Config\Routes.php(52): CodeIgniter\Router\RouteCollection->group('inventory', Object(Closure))
 5 SYSTEMPATH\Router\RouteCollection.php(339): require('C:\\xampp\\htdocs\\SALONES codeigniter4\\app\\Config\\Routes.php')
 6 SYSTEMPATH\Test\bootstrap.php(90): CodeIgniter\Router\RouteCollection->loadRoutes()
 7 VENDORPATH\phpunit\phpunit\src\TextUI\Application.php(351): include_once('C:\\xampp\\htdocs\\SALONES codeigniter4\\system\\Test\\bootstrap.php')
 8 VENDORPATH\phpunit\phpunit\src\TextUI\Application.php(121): PHPUnit\TextUI\Application->loadBootstrapScript('C:\\xampp\\htdocs\\SALONES codeigniter4\\system/Test/bootstrap.php')
 9 VENDORPATH\phpunit\phpunit\phpunit(104): PHPUnit\TextUI\Application->run([...])
10 VENDORPATH\bin\phpunit(122): include('C:\\xampp\\htdocs\\SALONES codeigniter4\\vendor\\phpunit\\phpunit\\phpunit')
WARNING - 2025-08-05 00:40:36 --> [DEPRECATED] Passing lowercase HTTP method "put" is deprecated. Use uppercase HTTP method like "PUT". in SYSTEMPATH\Router\RouteCollection.php on line 1026.
 1 SYSTEMPATH\Router\RouteCollection.php(1026): trigger_error('Passing lowercase HTTP method "put" is deprecated. Use uppercase HTTP method like "PUT".', 16384)
 2 APPPATH\Config\Routes.php(79): CodeIgniter\Router\RouteCollection->match([...], 'update/(:num)', 'User::update/$1')
 3 SYSTEMPATH\Router\RouteCollection.php(799): CodeIgniter\Router\RouteCollection->{closure}(Object(CodeIgniter\Router\RouteCollection))
 4 APPPATH\Config\Routes.php(71): CodeIgniter\Router\RouteCollection->group('users', [...], Object(Closure))
 5 SYSTEMPATH\Router\RouteCollection.php(339): require('C:\\xampp\\htdocs\\SALONES codeigniter4\\app\\Config\\Routes.php')
 6 SYSTEMPATH\Test\bootstrap.php(90): CodeIgniter\Router\RouteCollection->loadRoutes()
 7 VENDORPATH\phpunit\phpunit\src\TextUI\Application.php(351): include_once('C:\\xampp\\htdocs\\SALONES codeigniter4\\system\\Test\\bootstrap.php')
 8 VENDORPATH\phpunit\phpunit\src\TextUI\Application.php(121): PHPUnit\TextUI\Application->loadBootstrapScript('C:\\xampp\\htdocs\\SALONES codeigniter4\\system/Test/bootstrap.php')
 9 VENDORPATH\phpunit\phpunit\phpunit(104): PHPUnit\TextUI\Application->run([...])
10 VENDORPATH\bin\phpunit(122): include('C:\\xampp\\htdocs\\SALONES codeigniter4\\vendor\\phpunit\\phpunit\\phpunit')
WARNING - 2025-08-05 00:40:36 --> [DEPRECATED] Passing lowercase HTTP method "post" is deprecated. Use uppercase HTTP method like "POST". in SYSTEMPATH\Router\RouteCollection.php on line 1026.
 1 SYSTEMPATH\Router\RouteCollection.php(1026): trigger_error('Passing lowercase HTTP method "post" is deprecated. Use uppercase HTTP method like "POST".', 16384)
 2 APPPATH\Config\Routes.php(79): CodeIgniter\Router\RouteCollection->match([...], 'update/(:num)', 'User::update/$1')
 3 SYSTEMPATH\Router\RouteCollection.php(799): CodeIgniter\Router\RouteCollection->{closure}(Object(CodeIgniter\Router\RouteCollection))
 4 APPPATH\Config\Routes.php(71): CodeIgniter\Router\RouteCollection->group('users', [...], Object(Closure))
 5 SYSTEMPATH\Router\RouteCollection.php(339): require('C:\\xampp\\htdocs\\SALONES codeigniter4\\app\\Config\\Routes.php')
 6 SYSTEMPATH\Test\bootstrap.php(90): CodeIgniter\Router\RouteCollection->loadRoutes()
 7 VENDORPATH\phpunit\phpunit\src\TextUI\Application.php(351): include_once('C:\\xampp\\htdocs\\SALONES codeigniter4\\system\\Test\\bootstrap.php')
 8 VENDORPATH\phpunit\phpunit\src\TextUI\Application.php(121): PHPUnit\TextUI\Application->loadBootstrapScript('C:\\xampp\\htdocs\\SALONES codeigniter4\\system/Test/bootstrap.php')
 9 VENDORPATH\phpunit\phpunit\phpunit(104): PHPUnit\TextUI\Application->run([...])
10 VENDORPATH\bin\phpunit(122): include('C:\\xampp\\htdocs\\SALONES codeigniter4\\vendor\\phpunit\\phpunit\\phpunit')
WARNING - 2025-08-05 00:55:13 --> [DEPRECATED] Passing lowercase HTTP method "get" is deprecated. Use uppercase HTTP method like "GET". in SYSTEMPATH\Router\RouteCollection.php on line 1026.
 1 SYSTEMPATH\Router\RouteCollection.php(1026): trigger_error('Passing lowercase HTTP method "get" is deprecated. Use uppercase HTTP method like "GET".', 16384)
 2 APPPATH\Config\Routes.php(54): CodeIgniter\Router\RouteCollection->match([...], 'create', 'Inventory::create')
 3 SYSTEMPATH\Router\RouteCollection.php(799): CodeIgniter\Router\RouteCollection->{closure}(Object(CodeIgniter\Router\RouteCollection))
 4 APPPATH\Config\Routes.php(52): CodeIgniter\Router\RouteCollection->group('inventory', Object(Closure))
 5 SYSTEMPATH\Router\RouteCollection.php(339): require('C:\\xampp\\htdocs\\SALONES codeigniter4\\app\\Config\\Routes.php')
 6 SYSTEMPATH\Test\bootstrap.php(90): CodeIgniter\Router\RouteCollection->loadRoutes()
 7 VENDORPATH\phpunit\phpunit\src\TextUI\Application.php(351): include_once('C:\\xampp\\htdocs\\SALONES codeigniter4\\system\\Test\\bootstrap.php')
 8 VENDORPATH\phpunit\phpunit\src\TextUI\Application.php(121): PHPUnit\TextUI\Application->loadBootstrapScript('C:\\xampp\\htdocs\\SALONES codeigniter4\\system/Test/bootstrap.php')
 9 VENDORPATH\phpunit\phpunit\phpunit(104): PHPUnit\TextUI\Application->run([...])
10 VENDORPATH\bin\phpunit(122): include('C:\\xampp\\htdocs\\SALONES codeigniter4\\vendor\\phpunit\\phpunit\\phpunit')
WARNING - 2025-08-05 00:55:13 --> [DEPRECATED] Passing lowercase HTTP method "post" is deprecated. Use uppercase HTTP method like "POST". in SYSTEMPATH\Router\RouteCollection.php on line 1026.
 1 SYSTEMPATH\Router\RouteCollection.php(1026): trigger_error('Passing lowercase HTTP method "post" is deprecated. Use uppercase HTTP method like "POST".', 16384)
 2 APPPATH\Config\Routes.php(54): CodeIgniter\Router\RouteCollection->match([...], 'create', 'Inventory::create')
 3 SYSTEMPATH\Router\RouteCollection.php(799): CodeIgniter\Router\RouteCollection->{closure}(Object(CodeIgniter\Router\RouteCollection))
 4 APPPATH\Config\Routes.php(52): CodeIgniter\Router\RouteCollection->group('inventory', Object(Closure))
 5 SYSTEMPATH\Router\RouteCollection.php(339): require('C:\\xampp\\htdocs\\SALONES codeigniter4\\app\\Config\\Routes.php')
 6 SYSTEMPATH\Test\bootstrap.php(90): CodeIgniter\Router\RouteCollection->loadRoutes()
 7 VENDORPATH\phpunit\phpunit\src\TextUI\Application.php(351): include_once('C:\\xampp\\htdocs\\SALONES codeigniter4\\system\\Test\\bootstrap.php')
 8 VENDORPATH\phpunit\phpunit\src\TextUI\Application.php(121): PHPUnit\TextUI\Application->loadBootstrapScript('C:\\xampp\\htdocs\\SALONES codeigniter4\\system/Test/bootstrap.php')
 9 VENDORPATH\phpunit\phpunit\phpunit(104): PHPUnit\TextUI\Application->run([...])
10 VENDORPATH\bin\phpunit(122): include('C:\\xampp\\htdocs\\SALONES codeigniter4\\vendor\\phpunit\\phpunit\\phpunit')
WARNING - 2025-08-05 00:55:13 --> [DEPRECATED] Passing lowercase HTTP method "put" is deprecated. Use uppercase HTTP method like "PUT". in SYSTEMPATH\Router\RouteCollection.php on line 1026.
 1 SYSTEMPATH\Router\RouteCollection.php(1026): trigger_error('Passing lowercase HTTP method "put" is deprecated. Use uppercase HTTP method like "PUT".', 16384)
 2 APPPATH\Config\Routes.php(79): CodeIgniter\Router\RouteCollection->match([...], 'update/(:num)', 'User::update/$1')
 3 SYSTEMPATH\Router\RouteCollection.php(799): CodeIgniter\Router\RouteCollection->{closure}(Object(CodeIgniter\Router\RouteCollection))
 4 APPPATH\Config\Routes.php(71): CodeIgniter\Router\RouteCollection->group('users', [...], Object(Closure))
 5 SYSTEMPATH\Router\RouteCollection.php(339): require('C:\\xampp\\htdocs\\SALONES codeigniter4\\app\\Config\\Routes.php')
 6 SYSTEMPATH\Test\bootstrap.php(90): CodeIgniter\Router\RouteCollection->loadRoutes()
 7 VENDORPATH\phpunit\phpunit\src\TextUI\Application.php(351): include_once('C:\\xampp\\htdocs\\SALONES codeigniter4\\system\\Test\\bootstrap.php')
 8 VENDORPATH\phpunit\phpunit\src\TextUI\Application.php(121): PHPUnit\TextUI\Application->loadBootstrapScript('C:\\xampp\\htdocs\\SALONES codeigniter4\\system/Test/bootstrap.php')
 9 VENDORPATH\phpunit\phpunit\phpunit(104): PHPUnit\TextUI\Application->run([...])
10 VENDORPATH\bin\phpunit(122): include('C:\\xampp\\htdocs\\SALONES codeigniter4\\vendor\\phpunit\\phpunit\\phpunit')
WARNING - 2025-08-05 00:55:13 --> [DEPRECATED] Passing lowercase HTTP method "post" is deprecated. Use uppercase HTTP method like "POST". in SYSTEMPATH\Router\RouteCollection.php on line 1026.
 1 SYSTEMPATH\Router\RouteCollection.php(1026): trigger_error('Passing lowercase HTTP method "post" is deprecated. Use uppercase HTTP method like "POST".', 16384)
 2 APPPATH\Config\Routes.php(79): CodeIgniter\Router\RouteCollection->match([...], 'update/(:num)', 'User::update/$1')
 3 SYSTEMPATH\Router\RouteCollection.php(799): CodeIgniter\Router\RouteCollection->{closure}(Object(CodeIgniter\Router\RouteCollection))
 4 APPPATH\Config\Routes.php(71): CodeIgniter\Router\RouteCollection->group('users', [...], Object(Closure))
 5 SYSTEMPATH\Router\RouteCollection.php(339): require('C:\\xampp\\htdocs\\SALONES codeigniter4\\app\\Config\\Routes.php')
 6 SYSTEMPATH\Test\bootstrap.php(90): CodeIgniter\Router\RouteCollection->loadRoutes()
 7 VENDORPATH\phpunit\phpunit\src\TextUI\Application.php(351): include_once('C:\\xampp\\htdocs\\SALONES codeigniter4\\system\\Test\\bootstrap.php')
 8 VENDORPATH\phpunit\phpunit\src\TextUI\Application.php(121): PHPUnit\TextUI\Application->loadBootstrapScript('C:\\xampp\\htdocs\\SALONES codeigniter4\\system/Test/bootstrap.php')
 9 VENDORPATH\phpunit\phpunit\phpunit(104): PHPUnit\TextUI\Application->run([...])
10 VENDORPATH\bin\phpunit(122): include('C:\\xampp\\htdocs\\SALONES codeigniter4\\vendor\\phpunit\\phpunit\\phpunit')
CRITICAL - 2025-08-05 00:55:13 --> ErrorException: Trait "CodeIgniter\Test\ControllerTester" not found
[Method: GET, Route: /]
in ROOTPATH\tests\controllers\AlmacenTest.php on line 8.
 1 [internal function]: CodeIgniter\Debug\Exceptions->shutdownHandler()
WARNING - 2025-08-05 00:55:59 --> [DEPRECATED] Passing lowercase HTTP method "get" is deprecated. Use uppercase HTTP method like "GET". in SYSTEMPATH\Router\RouteCollection.php on line 1026.
 1 SYSTEMPATH\Router\RouteCollection.php(1026): trigger_error('Passing lowercase HTTP method "get" is deprecated. Use uppercase HTTP method like "GET".', 16384)
 2 APPPATH\Config\Routes.php(54): CodeIgniter\Router\RouteCollection->match([...], 'create', 'Inventory::create')
 3 SYSTEMPATH\Router\RouteCollection.php(799): CodeIgniter\Router\RouteCollection->{closure}(Object(CodeIgniter\Router\RouteCollection))
 4 APPPATH\Config\Routes.php(52): CodeIgniter\Router\RouteCollection->group('inventory', Object(Closure))
 5 SYSTEMPATH\Router\RouteCollection.php(339): require('C:\\xampp\\htdocs\\SALONES codeigniter4\\app\\Config\\Routes.php')
 6 SYSTEMPATH\Test\bootstrap.php(90): CodeIgniter\Router\RouteCollection->loadRoutes()
 7 VENDORPATH\phpunit\phpunit\src\TextUI\Application.php(351): include_once('C:\\xampp\\htdocs\\SALONES codeigniter4\\system\\Test\\bootstrap.php')
 8 VENDORPATH\phpunit\phpunit\src\TextUI\Application.php(121): PHPUnit\TextUI\Application->loadBootstrapScript('C:\\xampp\\htdocs\\SALONES codeigniter4\\system/Test/bootstrap.php')
 9 VENDORPATH\phpunit\phpunit\phpunit(104): PHPUnit\TextUI\Application->run([...])
10 VENDORPATH\bin\phpunit(122): include('C:\\xampp\\htdocs\\SALONES codeigniter4\\vendor\\phpunit\\phpunit\\phpunit')
WARNING - 2025-08-05 00:55:59 --> [DEPRECATED] Passing lowercase HTTP method "post" is deprecated. Use uppercase HTTP method like "POST". in SYSTEMPATH\Router\RouteCollection.php on line 1026.
 1 SYSTEMPATH\Router\RouteCollection.php(1026): trigger_error('Passing lowercase HTTP method "post" is deprecated. Use uppercase HTTP method like "POST".', 16384)
 2 APPPATH\Config\Routes.php(54): CodeIgniter\Router\RouteCollection->match([...], 'create', 'Inventory::create')
 3 SYSTEMPATH\Router\RouteCollection.php(799): CodeIgniter\Router\RouteCollection->{closure}(Object(CodeIgniter\Router\RouteCollection))
 4 APPPATH\Config\Routes.php(52): CodeIgniter\Router\RouteCollection->group('inventory', Object(Closure))
 5 SYSTEMPATH\Router\RouteCollection.php(339): require('C:\\xampp\\htdocs\\SALONES codeigniter4\\app\\Config\\Routes.php')
 6 SYSTEMPATH\Test\bootstrap.php(90): CodeIgniter\Router\RouteCollection->loadRoutes()
 7 VENDORPATH\phpunit\phpunit\src\TextUI\Application.php(351): include_once('C:\\xampp\\htdocs\\SALONES codeigniter4\\system\\Test\\bootstrap.php')
 8 VENDORPATH\phpunit\phpunit\src\TextUI\Application.php(121): PHPUnit\TextUI\Application->loadBootstrapScript('C:\\xampp\\htdocs\\SALONES codeigniter4\\system/Test/bootstrap.php')
 9 VENDORPATH\phpunit\phpunit\phpunit(104): PHPUnit\TextUI\Application->run([...])
10 VENDORPATH\bin\phpunit(122): include('C:\\xampp\\htdocs\\SALONES codeigniter4\\vendor\\phpunit\\phpunit\\phpunit')
WARNING - 2025-08-05 00:55:59 --> [DEPRECATED] Passing lowercase HTTP method "put" is deprecated. Use uppercase HTTP method like "PUT". in SYSTEMPATH\Router\RouteCollection.php on line 1026.
 1 SYSTEMPATH\Router\RouteCollection.php(1026): trigger_error('Passing lowercase HTTP method "put" is deprecated. Use uppercase HTTP method like "PUT".', 16384)
 2 APPPATH\Config\Routes.php(79): CodeIgniter\Router\RouteCollection->match([...], 'update/(:num)', 'User::update/$1')
 3 SYSTEMPATH\Router\RouteCollection.php(799): CodeIgniter\Router\RouteCollection->{closure}(Object(CodeIgniter\Router\RouteCollection))
 4 APPPATH\Config\Routes.php(71): CodeIgniter\Router\RouteCollection->group('users', [...], Object(Closure))
 5 SYSTEMPATH\Router\RouteCollection.php(339): require('C:\\xampp\\htdocs\\SALONES codeigniter4\\app\\Config\\Routes.php')
 6 SYSTEMPATH\Test\bootstrap.php(90): CodeIgniter\Router\RouteCollection->loadRoutes()
 7 VENDORPATH\phpunit\phpunit\src\TextUI\Application.php(351): include_once('C:\\xampp\\htdocs\\SALONES codeigniter4\\system\\Test\\bootstrap.php')
 8 VENDORPATH\phpunit\phpunit\src\TextUI\Application.php(121): PHPUnit\TextUI\Application->loadBootstrapScript('C:\\xampp\\htdocs\\SALONES codeigniter4\\system/Test/bootstrap.php')
 9 VENDORPATH\phpunit\phpunit\phpunit(104): PHPUnit\TextUI\Application->run([...])
10 VENDORPATH\bin\phpunit(122): include('C:\\xampp\\htdocs\\SALONES codeigniter4\\vendor\\phpunit\\phpunit\\phpunit')
WARNING - 2025-08-05 00:55:59 --> [DEPRECATED] Passing lowercase HTTP method "post" is deprecated. Use uppercase HTTP method like "POST". in SYSTEMPATH\Router\RouteCollection.php on line 1026.
 1 SYSTEMPATH\Router\RouteCollection.php(1026): trigger_error('Passing lowercase HTTP method "post" is deprecated. Use uppercase HTTP method like "POST".', 16384)
 2 APPPATH\Config\Routes.php(79): CodeIgniter\Router\RouteCollection->match([...], 'update/(:num)', 'User::update/$1')
 3 SYSTEMPATH\Router\RouteCollection.php(799): CodeIgniter\Router\RouteCollection->{closure}(Object(CodeIgniter\Router\RouteCollection))
 4 APPPATH\Config\Routes.php(71): CodeIgniter\Router\RouteCollection->group('users', [...], Object(Closure))
 5 SYSTEMPATH\Router\RouteCollection.php(339): require('C:\\xampp\\htdocs\\SALONES codeigniter4\\app\\Config\\Routes.php')
 6 SYSTEMPATH\Test\bootstrap.php(90): CodeIgniter\Router\RouteCollection->loadRoutes()
 7 VENDORPATH\phpunit\phpunit\src\TextUI\Application.php(351): include_once('C:\\xampp\\htdocs\\SALONES codeigniter4\\system\\Test\\bootstrap.php')
 8 VENDORPATH\phpunit\phpunit\src\TextUI\Application.php(121): PHPUnit\TextUI\Application->loadBootstrapScript('C:\\xampp\\htdocs\\SALONES codeigniter4\\system/Test/bootstrap.php')
 9 VENDORPATH\phpunit\phpunit\phpunit(104): PHPUnit\TextUI\Application->run([...])
10 VENDORPATH\bin\phpunit(122): include('C:\\xampp\\htdocs\\SALONES codeigniter4\\vendor\\phpunit\\phpunit\\phpunit')
WARNING - 2025-08-05 00:58:23 --> [DEPRECATED] Passing lowercase HTTP method "get" is deprecated. Use uppercase HTTP method like "GET". in SYSTEMPATH\Router\RouteCollection.php on line 1026.
 1 SYSTEMPATH\Router\RouteCollection.php(1026): trigger_error('Passing lowercase HTTP method "get" is deprecated. Use uppercase HTTP method like "GET".', 16384)
 2 APPPATH\Config\Routes.php(54): CodeIgniter\Router\RouteCollection->match([...], 'create', 'Inventory::create')
 3 SYSTEMPATH\Router\RouteCollection.php(799): CodeIgniter\Router\RouteCollection->{closure}(Object(CodeIgniter\Router\RouteCollection))
 4 APPPATH\Config\Routes.php(52): CodeIgniter\Router\RouteCollection->group('inventory', Object(Closure))
 5 SYSTEMPATH\Router\RouteCollection.php(339): require('C:\\xampp\\htdocs\\SALONES codeigniter4\\app\\Config\\Routes.php')
 6 SYSTEMPATH\Test\bootstrap.php(90): CodeIgniter\Router\RouteCollection->loadRoutes()
 7 VENDORPATH\phpunit\phpunit\src\TextUI\Application.php(351): include_once('C:\\xampp\\htdocs\\SALONES codeigniter4\\system\\Test\\bootstrap.php')
 8 VENDORPATH\phpunit\phpunit\src\TextUI\Application.php(121): PHPUnit\TextUI\Application->loadBootstrapScript('C:\\xampp\\htdocs\\SALONES codeigniter4\\system/Test/bootstrap.php')
 9 VENDORPATH\phpunit\phpunit\phpunit(104): PHPUnit\TextUI\Application->run([...])
10 VENDORPATH\bin\phpunit(122): include('C:\\xampp\\htdocs\\SALONES codeigniter4\\vendor\\phpunit\\phpunit\\phpunit')
WARNING - 2025-08-05 00:58:23 --> [DEPRECATED] Passing lowercase HTTP method "post" is deprecated. Use uppercase HTTP method like "POST". in SYSTEMPATH\Router\RouteCollection.php on line 1026.
 1 SYSTEMPATH\Router\RouteCollection.php(1026): trigger_error('Passing lowercase HTTP method "post" is deprecated. Use uppercase HTTP method like "POST".', 16384)
 2 APPPATH\Config\Routes.php(54): CodeIgniter\Router\RouteCollection->match([...], 'create', 'Inventory::create')
 3 SYSTEMPATH\Router\RouteCollection.php(799): CodeIgniter\Router\RouteCollection->{closure}(Object(CodeIgniter\Router\RouteCollection))
 4 APPPATH\Config\Routes.php(52): CodeIgniter\Router\RouteCollection->group('inventory', Object(Closure))
 5 SYSTEMPATH\Router\RouteCollection.php(339): require('C:\\xampp\\htdocs\\SALONES codeigniter4\\app\\Config\\Routes.php')
 6 SYSTEMPATH\Test\bootstrap.php(90): CodeIgniter\Router\RouteCollection->loadRoutes()
 7 VENDORPATH\phpunit\phpunit\src\TextUI\Application.php(351): include_once('C:\\xampp\\htdocs\\SALONES codeigniter4\\system\\Test\\bootstrap.php')
 8 VENDORPATH\phpunit\phpunit\src\TextUI\Application.php(121): PHPUnit\TextUI\Application->loadBootstrapScript('C:\\xampp\\htdocs\\SALONES codeigniter4\\system/Test/bootstrap.php')
 9 VENDORPATH\phpunit\phpunit\phpunit(104): PHPUnit\TextUI\Application->run([...])
10 VENDORPATH\bin\phpunit(122): include('C:\\xampp\\htdocs\\SALONES codeigniter4\\vendor\\phpunit\\phpunit\\phpunit')
WARNING - 2025-08-05 00:58:23 --> [DEPRECATED] Passing lowercase HTTP method "put" is deprecated. Use uppercase HTTP method like "PUT". in SYSTEMPATH\Router\RouteCollection.php on line 1026.
 1 SYSTEMPATH\Router\RouteCollection.php(1026): trigger_error('Passing lowercase HTTP method "put" is deprecated. Use uppercase HTTP method like "PUT".', 16384)
 2 APPPATH\Config\Routes.php(79): CodeIgniter\Router\RouteCollection->match([...], 'update/(:num)', 'User::update/$1')
 3 SYSTEMPATH\Router\RouteCollection.php(799): CodeIgniter\Router\RouteCollection->{closure}(Object(CodeIgniter\Router\RouteCollection))
 4 APPPATH\Config\Routes.php(71): CodeIgniter\Router\RouteCollection->group('users', [...], Object(Closure))
 5 SYSTEMPATH\Router\RouteCollection.php(339): require('C:\\xampp\\htdocs\\SALONES codeigniter4\\app\\Config\\Routes.php')
 6 SYSTEMPATH\Test\bootstrap.php(90): CodeIgniter\Router\RouteCollection->loadRoutes()
 7 VENDORPATH\phpunit\phpunit\src\TextUI\Application.php(351): include_once('C:\\xampp\\htdocs\\SALONES codeigniter4\\system\\Test\\bootstrap.php')
 8 VENDORPATH\phpunit\phpunit\src\TextUI\Application.php(121): PHPUnit\TextUI\Application->loadBootstrapScript('C:\\xampp\\htdocs\\SALONES codeigniter4\\system/Test/bootstrap.php')
 9 VENDORPATH\phpunit\phpunit\phpunit(104): PHPUnit\TextUI\Application->run([...])
10 VENDORPATH\bin\phpunit(122): include('C:\\xampp\\htdocs\\SALONES codeigniter4\\vendor\\phpunit\\phpunit\\phpunit')
WARNING - 2025-08-05 00:58:23 --> [DEPRECATED] Passing lowercase HTTP method "post" is deprecated. Use uppercase HTTP method like "POST". in SYSTEMPATH\Router\RouteCollection.php on line 1026.
 1 SYSTEMPATH\Router\RouteCollection.php(1026): trigger_error('Passing lowercase HTTP method "post" is deprecated. Use uppercase HTTP method like "POST".', 16384)
 2 APPPATH\Config\Routes.php(79): CodeIgniter\Router\RouteCollection->match([...], 'update/(:num)', 'User::update/$1')
 3 SYSTEMPATH\Router\RouteCollection.php(799): CodeIgniter\Router\RouteCollection->{closure}(Object(CodeIgniter\Router\RouteCollection))
 4 APPPATH\Config\Routes.php(71): CodeIgniter\Router\RouteCollection->group('users', [...], Object(Closure))
 5 SYSTEMPATH\Router\RouteCollection.php(339): require('C:\\xampp\\htdocs\\SALONES codeigniter4\\app\\Config\\Routes.php')
 6 SYSTEMPATH\Test\bootstrap.php(90): CodeIgniter\Router\RouteCollection->loadRoutes()
 7 VENDORPATH\phpunit\phpunit\src\TextUI\Application.php(351): include_once('C:\\xampp\\htdocs\\SALONES codeigniter4\\system\\Test\\bootstrap.php')
 8 VENDORPATH\phpunit\phpunit\src\TextUI\Application.php(121): PHPUnit\TextUI\Application->loadBootstrapScript('C:\\xampp\\htdocs\\SALONES codeigniter4\\system/Test/bootstrap.php')
 9 VENDORPATH\phpunit\phpunit\phpunit(104): PHPUnit\TextUI\Application->run([...])
10 VENDORPATH\bin\phpunit(122): include('C:\\xampp\\htdocs\\SALONES codeigniter4\\vendor\\phpunit\\phpunit\\phpunit')
WARNING - 2025-08-05 00:59:20 --> [DEPRECATED] Passing lowercase HTTP method "get" is deprecated. Use uppercase HTTP method like "GET". in SYSTEMPATH\Router\RouteCollection.php on line 1026.
 1 SYSTEMPATH\Router\RouteCollection.php(1026): trigger_error('Passing lowercase HTTP method "get" is deprecated. Use uppercase HTTP method like "GET".', 16384)
 2 APPPATH\Config\Routes.php(54): CodeIgniter\Router\RouteCollection->match([...], 'create', 'Inventory::create')
 3 SYSTEMPATH\Router\RouteCollection.php(799): CodeIgniter\Router\RouteCollection->{closure}(Object(CodeIgniter\Router\RouteCollection))
 4 APPPATH\Config\Routes.php(52): CodeIgniter\Router\RouteCollection->group('inventory', Object(Closure))
 5 SYSTEMPATH\Router\RouteCollection.php(339): require('C:\\xampp\\htdocs\\SALONES codeigniter4\\app\\Config\\Routes.php')
 6 SYSTEMPATH\Test\bootstrap.php(90): CodeIgniter\Router\RouteCollection->loadRoutes()
 7 VENDORPATH\phpunit\phpunit\src\TextUI\Application.php(351): include_once('C:\\xampp\\htdocs\\SALONES codeigniter4\\system\\Test\\bootstrap.php')
 8 VENDORPATH\phpunit\phpunit\src\TextUI\Application.php(121): PHPUnit\TextUI\Application->loadBootstrapScript('C:\\xampp\\htdocs\\SALONES codeigniter4\\system/Test/bootstrap.php')
 9 VENDORPATH\phpunit\phpunit\phpunit(104): PHPUnit\TextUI\Application->run([...])
10 VENDORPATH\bin\phpunit(122): include('C:\\xampp\\htdocs\\SALONES codeigniter4\\vendor\\phpunit\\phpunit\\phpunit')
WARNING - 2025-08-05 00:59:20 --> [DEPRECATED] Passing lowercase HTTP method "post" is deprecated. Use uppercase HTTP method like "POST". in SYSTEMPATH\Router\RouteCollection.php on line 1026.
 1 SYSTEMPATH\Router\RouteCollection.php(1026): trigger_error('Passing lowercase HTTP method "post" is deprecated. Use uppercase HTTP method like "POST".', 16384)
 2 APPPATH\Config\Routes.php(54): CodeIgniter\Router\RouteCollection->match([...], 'create', 'Inventory::create')
 3 SYSTEMPATH\Router\RouteCollection.php(799): CodeIgniter\Router\RouteCollection->{closure}(Object(CodeIgniter\Router\RouteCollection))
 4 APPPATH\Config\Routes.php(52): CodeIgniter\Router\RouteCollection->group('inventory', Object(Closure))
 5 SYSTEMPATH\Router\RouteCollection.php(339): require('C:\\xampp\\htdocs\\SALONES codeigniter4\\app\\Config\\Routes.php')
 6 SYSTEMPATH\Test\bootstrap.php(90): CodeIgniter\Router\RouteCollection->loadRoutes()
 7 VENDORPATH\phpunit\phpunit\src\TextUI\Application.php(351): include_once('C:\\xampp\\htdocs\\SALONES codeigniter4\\system\\Test\\bootstrap.php')
 8 VENDORPATH\phpunit\phpunit\src\TextUI\Application.php(121): PHPUnit\TextUI\Application->loadBootstrapScript('C:\\xampp\\htdocs\\SALONES codeigniter4\\system/Test/bootstrap.php')
 9 VENDORPATH\phpunit\phpunit\phpunit(104): PHPUnit\TextUI\Application->run([...])
10 VENDORPATH\bin\phpunit(122): include('C:\\xampp\\htdocs\\SALONES codeigniter4\\vendor\\phpunit\\phpunit\\phpunit')
WARNING - 2025-08-05 00:59:20 --> [DEPRECATED] Passing lowercase HTTP method "put" is deprecated. Use uppercase HTTP method like "PUT". in SYSTEMPATH\Router\RouteCollection.php on line 1026.
 1 SYSTEMPATH\Router\RouteCollection.php(1026): trigger_error('Passing lowercase HTTP method "put" is deprecated. Use uppercase HTTP method like "PUT".', 16384)
 2 APPPATH\Config\Routes.php(79): CodeIgniter\Router\RouteCollection->match([...], 'update/(:num)', 'User::update/$1')
 3 SYSTEMPATH\Router\RouteCollection.php(799): CodeIgniter\Router\RouteCollection->{closure}(Object(CodeIgniter\Router\RouteCollection))
 4 APPPATH\Config\Routes.php(71): CodeIgniter\Router\RouteCollection->group('users', [...], Object(Closure))
 5 SYSTEMPATH\Router\RouteCollection.php(339): require('C:\\xampp\\htdocs\\SALONES codeigniter4\\app\\Config\\Routes.php')
 6 SYSTEMPATH\Test\bootstrap.php(90): CodeIgniter\Router\RouteCollection->loadRoutes()
 7 VENDORPATH\phpunit\phpunit\src\TextUI\Application.php(351): include_once('C:\\xampp\\htdocs\\SALONES codeigniter4\\system\\Test\\bootstrap.php')
 8 VENDORPATH\phpunit\phpunit\src\TextUI\Application.php(121): PHPUnit\TextUI\Application->loadBootstrapScript('C:\\xampp\\htdocs\\SALONES codeigniter4\\system/Test/bootstrap.php')
 9 VENDORPATH\phpunit\phpunit\phpunit(104): PHPUnit\TextUI\Application->run([...])
10 VENDORPATH\bin\phpunit(122): include('C:\\xampp\\htdocs\\SALONES codeigniter4\\vendor\\phpunit\\phpunit\\phpunit')
WARNING - 2025-08-05 00:59:20 --> [DEPRECATED] Passing lowercase HTTP method "post" is deprecated. Use uppercase HTTP method like "POST". in SYSTEMPATH\Router\RouteCollection.php on line 1026.
 1 SYSTEMPATH\Router\RouteCollection.php(1026): trigger_error('Passing lowercase HTTP method "post" is deprecated. Use uppercase HTTP method like "POST".', 16384)
 2 APPPATH\Config\Routes.php(79): CodeIgniter\Router\RouteCollection->match([...], 'update/(:num)', 'User::update/$1')
 3 SYSTEMPATH\Router\RouteCollection.php(799): CodeIgniter\Router\RouteCollection->{closure}(Object(CodeIgniter\Router\RouteCollection))
 4 APPPATH\Config\Routes.php(71): CodeIgniter\Router\RouteCollection->group('users', [...], Object(Closure))
 5 SYSTEMPATH\Router\RouteCollection.php(339): require('C:\\xampp\\htdocs\\SALONES codeigniter4\\app\\Config\\Routes.php')
 6 SYSTEMPATH\Test\bootstrap.php(90): CodeIgniter\Router\RouteCollection->loadRoutes()
 7 VENDORPATH\phpunit\phpunit\src\TextUI\Application.php(351): include_once('C:\\xampp\\htdocs\\SALONES codeigniter4\\system\\Test\\bootstrap.php')
 8 VENDORPATH\phpunit\phpunit\src\TextUI\Application.php(121): PHPUnit\TextUI\Application->loadBootstrapScript('C:\\xampp\\htdocs\\SALONES codeigniter4\\system/Test/bootstrap.php')
 9 VENDORPATH\phpunit\phpunit\phpunit(104): PHPUnit\TextUI\Application->run([...])
10 VENDORPATH\bin\phpunit(122): include('C:\\xampp\\htdocs\\SALONES codeigniter4\\vendor\\phpunit\\phpunit\\phpunit')
WARNING - 2025-08-05 01:31:55 --> [DEPRECATED] Passing lowercase HTTP method "get" is deprecated. Use uppercase HTTP method like "GET". in SYSTEMPATH\Router\RouteCollection.php on line 1026.
 1 SYSTEMPATH\Router\RouteCollection.php(1026): trigger_error('Passing lowercase HTTP method "get" is deprecated. Use uppercase HTTP method like "GET".', 16384)
 2 APPPATH\Config\Routes.php(54): CodeIgniter\Router\RouteCollection->match([...], 'create', 'Inventory::create')
 3 SYSTEMPATH\Router\RouteCollection.php(799): CodeIgniter\Router\RouteCollection->{closure}(Object(CodeIgniter\Router\RouteCollection))
 4 APPPATH\Config\Routes.php(52): CodeIgniter\Router\RouteCollection->group('inventory', Object(Closure))
 5 SYSTEMPATH\Router\RouteCollection.php(339): require('C:\\xampp\\htdocs\\SALONES codeigniter4\\app\\Config\\Routes.php')
 6 SYSTEMPATH\Test\bootstrap.php(90): CodeIgniter\Router\RouteCollection->loadRoutes()
 7 VENDORPATH\phpunit\phpunit\src\TextUI\Application.php(351): include_once('C:\\xampp\\htdocs\\SALONES codeigniter4\\system\\Test\\bootstrap.php')
 8 VENDORPATH\phpunit\phpunit\src\TextUI\Application.php(121): PHPUnit\TextUI\Application->loadBootstrapScript('C:\\xampp\\htdocs\\SALONES codeigniter4\\system/Test/bootstrap.php')
 9 VENDORPATH\phpunit\phpunit\phpunit(104): PHPUnit\TextUI\Application->run([...])
10 VENDORPATH\bin\phpunit(122): include('C:\\xampp\\htdocs\\SALONES codeigniter4\\vendor\\phpunit\\phpunit\\phpunit')
WARNING - 2025-08-05 01:31:55 --> [DEPRECATED] Passing lowercase HTTP method "post" is deprecated. Use uppercase HTTP method like "POST". in SYSTEMPATH\Router\RouteCollection.php on line 1026.
 1 SYSTEMPATH\Router\RouteCollection.php(1026): trigger_error('Passing lowercase HTTP method "post" is deprecated. Use uppercase HTTP method like "POST".', 16384)
 2 APPPATH\Config\Routes.php(54): CodeIgniter\Router\RouteCollection->match([...], 'create', 'Inventory::create')
 3 SYSTEMPATH\Router\RouteCollection.php(799): CodeIgniter\Router\RouteCollection->{closure}(Object(CodeIgniter\Router\RouteCollection))
 4 APPPATH\Config\Routes.php(52): CodeIgniter\Router\RouteCollection->group('inventory', Object(Closure))
 5 SYSTEMPATH\Router\RouteCollection.php(339): require('C:\\xampp\\htdocs\\SALONES codeigniter4\\app\\Config\\Routes.php')
 6 SYSTEMPATH\Test\bootstrap.php(90): CodeIgniter\Router\RouteCollection->loadRoutes()
 7 VENDORPATH\phpunit\phpunit\src\TextUI\Application.php(351): include_once('C:\\xampp\\htdocs\\SALONES codeigniter4\\system\\Test\\bootstrap.php')
 8 VENDORPATH\phpunit\phpunit\src\TextUI\Application.php(121): PHPUnit\TextUI\Application->loadBootstrapScript('C:\\xampp\\htdocs\\SALONES codeigniter4\\system/Test/bootstrap.php')
 9 VENDORPATH\phpunit\phpunit\phpunit(104): PHPUnit\TextUI\Application->run([...])
10 VENDORPATH\bin\phpunit(122): include('C:\\xampp\\htdocs\\SALONES codeigniter4\\vendor\\phpunit\\phpunit\\phpunit')
WARNING - 2025-08-05 01:31:55 --> [DEPRECATED] Passing lowercase HTTP method "put" is deprecated. Use uppercase HTTP method like "PUT". in SYSTEMPATH\Router\RouteCollection.php on line 1026.
 1 SYSTEMPATH\Router\RouteCollection.php(1026): trigger_error('Passing lowercase HTTP method "put" is deprecated. Use uppercase HTTP method like "PUT".', 16384)
 2 APPPATH\Config\Routes.php(79): CodeIgniter\Router\RouteCollection->match([...], 'update/(:num)', 'User::update/$1')
 3 SYSTEMPATH\Router\RouteCollection.php(799): CodeIgniter\Router\RouteCollection->{closure}(Object(CodeIgniter\Router\RouteCollection))
 4 APPPATH\Config\Routes.php(71): CodeIgniter\Router\RouteCollection->group('users', [...], Object(Closure))
 5 SYSTEMPATH\Router\RouteCollection.php(339): require('C:\\xampp\\htdocs\\SALONES codeigniter4\\app\\Config\\Routes.php')
 6 SYSTEMPATH\Test\bootstrap.php(90): CodeIgniter\Router\RouteCollection->loadRoutes()
 7 VENDORPATH\phpunit\phpunit\src\TextUI\Application.php(351): include_once('C:\\xampp\\htdocs\\SALONES codeigniter4\\system\\Test\\bootstrap.php')
 8 VENDORPATH\phpunit\phpunit\src\TextUI\Application.php(121): PHPUnit\TextUI\Application->loadBootstrapScript('C:\\xampp\\htdocs\\SALONES codeigniter4\\system/Test/bootstrap.php')
 9 VENDORPATH\phpunit\phpunit\phpunit(104): PHPUnit\TextUI\Application->run([...])
10 VENDORPATH\bin\phpunit(122): include('C:\\xampp\\htdocs\\SALONES codeigniter4\\vendor\\phpunit\\phpunit\\phpunit')
WARNING - 2025-08-05 01:31:55 --> [DEPRECATED] Passing lowercase HTTP method "post" is deprecated. Use uppercase HTTP method like "POST". in SYSTEMPATH\Router\RouteCollection.php on line 1026.
 1 SYSTEMPATH\Router\RouteCollection.php(1026): trigger_error('Passing lowercase HTTP method "post" is deprecated. Use uppercase HTTP method like "POST".', 16384)
 2 APPPATH\Config\Routes.php(79): CodeIgniter\Router\RouteCollection->match([...], 'update/(:num)', 'User::update/$1')
 3 SYSTEMPATH\Router\RouteCollection.php(799): CodeIgniter\Router\RouteCollection->{closure}(Object(CodeIgniter\Router\RouteCollection))
 4 APPPATH\Config\Routes.php(71): CodeIgniter\Router\RouteCollection->group('users', [...], Object(Closure))
 5 SYSTEMPATH\Router\RouteCollection.php(339): require('C:\\xampp\\htdocs\\SALONES codeigniter4\\app\\Config\\Routes.php')
 6 SYSTEMPATH\Test\bootstrap.php(90): CodeIgniter\Router\RouteCollection->loadRoutes()
 7 VENDORPATH\phpunit\phpunit\src\TextUI\Application.php(351): include_once('C:\\xampp\\htdocs\\SALONES codeigniter4\\system\\Test\\bootstrap.php')
 8 VENDORPATH\phpunit\phpunit\src\TextUI\Application.php(121): PHPUnit\TextUI\Application->loadBootstrapScript('C:\\xampp\\htdocs\\SALONES codeigniter4\\system/Test/bootstrap.php')
 9 VENDORPATH\phpunit\phpunit\phpunit(104): PHPUnit\TextUI\Application->run([...])
10 VENDORPATH\bin\phpunit(122): include('C:\\xampp\\htdocs\\SALONES codeigniter4\\vendor\\phpunit\\phpunit\\phpunit')
WARNING - 2025-08-05 01:49:16 --> [DEPRECATED] Passing lowercase HTTP method "get" is deprecated. Use uppercase HTTP method like "GET". in SYSTEMPATH\Router\RouteCollection.php on line 1026.
 1 SYSTEMPATH\Router\RouteCollection.php(1026): trigger_error('Passing lowercase HTTP method "get" is deprecated. Use uppercase HTTP method like "GET".', 16384)
 2 APPPATH\Config\Routes.php(54): CodeIgniter\Router\RouteCollection->match([...], 'create', 'Inventory::create')
 3 SYSTEMPATH\Router\RouteCollection.php(799): CodeIgniter\Router\RouteCollection->{closure}(Object(CodeIgniter\Router\RouteCollection))
 4 APPPATH\Config\Routes.php(52): CodeIgniter\Router\RouteCollection->group('inventory', Object(Closure))
 5 SYSTEMPATH\Router\RouteCollection.php(339): require('C:\\xampp\\htdocs\\SALONES codeigniter4\\app\\Config\\Routes.php')
 6 SYSTEMPATH\Test\bootstrap.php(90): CodeIgniter\Router\RouteCollection->loadRoutes()
 7 VENDORPATH\phpunit\phpunit\src\TextUI\Application.php(351): include_once('C:\\xampp\\htdocs\\SALONES codeigniter4\\system\\Test\\bootstrap.php')
 8 VENDORPATH\phpunit\phpunit\src\TextUI\Application.php(121): PHPUnit\TextUI\Application->loadBootstrapScript('C:\\xampp\\htdocs\\SALONES codeigniter4\\system/Test/bootstrap.php')
 9 VENDORPATH\phpunit\phpunit\phpunit(104): PHPUnit\TextUI\Application->run([...])
10 VENDORPATH\bin\phpunit(122): include('C:\\xampp\\htdocs\\SALONES codeigniter4\\vendor\\phpunit\\phpunit\\phpunit')
WARNING - 2025-08-05 01:49:16 --> [DEPRECATED] Passing lowercase HTTP method "post" is deprecated. Use uppercase HTTP method like "POST". in SYSTEMPATH\Router\RouteCollection.php on line 1026.
 1 SYSTEMPATH\Router\RouteCollection.php(1026): trigger_error('Passing lowercase HTTP method "post" is deprecated. Use uppercase HTTP method like "POST".', 16384)
 2 APPPATH\Config\Routes.php(54): CodeIgniter\Router\RouteCollection->match([...], 'create', 'Inventory::create')
 3 SYSTEMPATH\Router\RouteCollection.php(799): CodeIgniter\Router\RouteCollection->{closure}(Object(CodeIgniter\Router\RouteCollection))
 4 APPPATH\Config\Routes.php(52): CodeIgniter\Router\RouteCollection->group('inventory', Object(Closure))
 5 SYSTEMPATH\Router\RouteCollection.php(339): require('C:\\xampp\\htdocs\\SALONES codeigniter4\\app\\Config\\Routes.php')
 6 SYSTEMPATH\Test\bootstrap.php(90): CodeIgniter\Router\RouteCollection->loadRoutes()
 7 VENDORPATH\phpunit\phpunit\src\TextUI\Application.php(351): include_once('C:\\xampp\\htdocs\\SALONES codeigniter4\\system\\Test\\bootstrap.php')
 8 VENDORPATH\phpunit\phpunit\src\TextUI\Application.php(121): PHPUnit\TextUI\Application->loadBootstrapScript('C:\\xampp\\htdocs\\SALONES codeigniter4\\system/Test/bootstrap.php')
 9 VENDORPATH\phpunit\phpunit\phpunit(104): PHPUnit\TextUI\Application->run([...])
10 VENDORPATH\bin\phpunit(122): include('C:\\xampp\\htdocs\\SALONES codeigniter4\\vendor\\phpunit\\phpunit\\phpunit')
WARNING - 2025-08-05 01:49:16 --> [DEPRECATED] Passing lowercase HTTP method "put" is deprecated. Use uppercase HTTP method like "PUT". in SYSTEMPATH\Router\RouteCollection.php on line 1026.
 1 SYSTEMPATH\Router\RouteCollection.php(1026): trigger_error('Passing lowercase HTTP method "put" is deprecated. Use uppercase HTTP method like "PUT".', 16384)
 2 APPPATH\Config\Routes.php(79): CodeIgniter\Router\RouteCollection->match([...], 'update/(:num)', 'User::update/$1')
 3 SYSTEMPATH\Router\RouteCollection.php(799): CodeIgniter\Router\RouteCollection->{closure}(Object(CodeIgniter\Router\RouteCollection))
 4 APPPATH\Config\Routes.php(71): CodeIgniter\Router\RouteCollection->group('users', [...], Object(Closure))
 5 SYSTEMPATH\Router\RouteCollection.php(339): require('C:\\xampp\\htdocs\\SALONES codeigniter4\\app\\Config\\Routes.php')
 6 SYSTEMPATH\Test\bootstrap.php(90): CodeIgniter\Router\RouteCollection->loadRoutes()
 7 VENDORPATH\phpunit\phpunit\src\TextUI\Application.php(351): include_once('C:\\xampp\\htdocs\\SALONES codeigniter4\\system\\Test\\bootstrap.php')
 8 VENDORPATH\phpunit\phpunit\src\TextUI\Application.php(121): PHPUnit\TextUI\Application->loadBootstrapScript('C:\\xampp\\htdocs\\SALONES codeigniter4\\system/Test/bootstrap.php')
 9 VENDORPATH\phpunit\phpunit\phpunit(104): PHPUnit\TextUI\Application->run([...])
10 VENDORPATH\bin\phpunit(122): include('C:\\xampp\\htdocs\\SALONES codeigniter4\\vendor\\phpunit\\phpunit\\phpunit')
WARNING - 2025-08-05 01:49:16 --> [DEPRECATED] Passing lowercase HTTP method "post" is deprecated. Use uppercase HTTP method like "POST". in SYSTEMPATH\Router\RouteCollection.php on line 1026.
 1 SYSTEMPATH\Router\RouteCollection.php(1026): trigger_error('Passing lowercase HTTP method "post" is deprecated. Use uppercase HTTP method like "POST".', 16384)
 2 APPPATH\Config\Routes.php(79): CodeIgniter\Router\RouteCollection->match([...], 'update/(:num)', 'User::update/$1')
 3 SYSTEMPATH\Router\RouteCollection.php(799): CodeIgniter\Router\RouteCollection->{closure}(Object(CodeIgniter\Router\RouteCollection))
 4 APPPATH\Config\Routes.php(71): CodeIgniter\Router\RouteCollection->group('users', [...], Object(Closure))
 5 SYSTEMPATH\Router\RouteCollection.php(339): require('C:\\xampp\\htdocs\\SALONES codeigniter4\\app\\Config\\Routes.php')
 6 SYSTEMPATH\Test\bootstrap.php(90): CodeIgniter\Router\RouteCollection->loadRoutes()
 7 VENDORPATH\phpunit\phpunit\src\TextUI\Application.php(351): include_once('C:\\xampp\\htdocs\\SALONES codeigniter4\\system\\Test\\bootstrap.php')
 8 VENDORPATH\phpunit\phpunit\src\TextUI\Application.php(121): PHPUnit\TextUI\Application->loadBootstrapScript('C:\\xampp\\htdocs\\SALONES codeigniter4\\system/Test/bootstrap.php')
 9 VENDORPATH\phpunit\phpunit\phpunit(104): PHPUnit\TextUI\Application->run([...])
10 VENDORPATH\bin\phpunit(122): include('C:\\xampp\\htdocs\\SALONES codeigniter4\\vendor\\phpunit\\phpunit\\phpunit')
WARNING - 2025-08-05 01:53:50 --> [DEPRECATED] Passing lowercase HTTP method "get" is deprecated. Use uppercase HTTP method like "GET". in SYSTEMPATH\Router\RouteCollection.php on line 1026.
 1 SYSTEMPATH\Router\RouteCollection.php(1026): trigger_error('Passing lowercase HTTP method "get" is deprecated. Use uppercase HTTP method like "GET".', 16384)
 2 APPPATH\Config\Routes.php(54): CodeIgniter\Router\RouteCollection->match([...], 'create', 'Inventory::create')
 3 SYSTEMPATH\Router\RouteCollection.php(799): CodeIgniter\Router\RouteCollection->{closure}(Object(CodeIgniter\Router\RouteCollection))
 4 APPPATH\Config\Routes.php(52): CodeIgniter\Router\RouteCollection->group('inventory', Object(Closure))
 5 SYSTEMPATH\Router\RouteCollection.php(339): require('C:\\xampp\\htdocs\\SALONES codeigniter4\\app\\Config\\Routes.php')
 6 SYSTEMPATH\Test\bootstrap.php(90): CodeIgniter\Router\RouteCollection->loadRoutes()
 7 VENDORPATH\phpunit\phpunit\src\TextUI\Application.php(351): include_once('C:\\xampp\\htdocs\\SALONES codeigniter4\\system\\Test\\bootstrap.php')
 8 VENDORPATH\phpunit\phpunit\src\TextUI\Application.php(121): PHPUnit\TextUI\Application->loadBootstrapScript('C:\\xampp\\htdocs\\SALONES codeigniter4\\system/Test/bootstrap.php')
 9 VENDORPATH\phpunit\phpunit\phpunit(104): PHPUnit\TextUI\Application->run([...])
10 VENDORPATH\bin\phpunit(122): include('C:\\xampp\\htdocs\\SALONES codeigniter4\\vendor\\phpunit\\phpunit\\phpunit')
WARNING - 2025-08-05 01:53:50 --> [DEPRECATED] Passing lowercase HTTP method "post" is deprecated. Use uppercase HTTP method like "POST". in SYSTEMPATH\Router\RouteCollection.php on line 1026.
 1 SYSTEMPATH\Router\RouteCollection.php(1026): trigger_error('Passing lowercase HTTP method "post" is deprecated. Use uppercase HTTP method like "POST".', 16384)
 2 APPPATH\Config\Routes.php(54): CodeIgniter\Router\RouteCollection->match([...], 'create', 'Inventory::create')
 3 SYSTEMPATH\Router\RouteCollection.php(799): CodeIgniter\Router\RouteCollection->{closure}(Object(CodeIgniter\Router\RouteCollection))
 4 APPPATH\Config\Routes.php(52): CodeIgniter\Router\RouteCollection->group('inventory', Object(Closure))
 5 SYSTEMPATH\Router\RouteCollection.php(339): require('C:\\xampp\\htdocs\\SALONES codeigniter4\\app\\Config\\Routes.php')
 6 SYSTEMPATH\Test\bootstrap.php(90): CodeIgniter\Router\RouteCollection->loadRoutes()
 7 VENDORPATH\phpunit\phpunit\src\TextUI\Application.php(351): include_once('C:\\xampp\\htdocs\\SALONES codeigniter4\\system\\Test\\bootstrap.php')
 8 VENDORPATH\phpunit\phpunit\src\TextUI\Application.php(121): PHPUnit\TextUI\Application->loadBootstrapScript('C:\\xampp\\htdocs\\SALONES codeigniter4\\system/Test/bootstrap.php')
 9 VENDORPATH\phpunit\phpunit\phpunit(104): PHPUnit\TextUI\Application->run([...])
10 VENDORPATH\bin\phpunit(122): include('C:\\xampp\\htdocs\\SALONES codeigniter4\\vendor\\phpunit\\phpunit\\phpunit')
WARNING - 2025-08-05 01:53:50 --> [DEPRECATED] Passing lowercase HTTP method "put" is deprecated. Use uppercase HTTP method like "PUT". in SYSTEMPATH\Router\RouteCollection.php on line 1026.
 1 SYSTEMPATH\Router\RouteCollection.php(1026): trigger_error('Passing lowercase HTTP method "put" is deprecated. Use uppercase HTTP method like "PUT".', 16384)
 2 APPPATH\Config\Routes.php(79): CodeIgniter\Router\RouteCollection->match([...], 'update/(:num)', 'User::update/$1')
 3 SYSTEMPATH\Router\RouteCollection.php(799): CodeIgniter\Router\RouteCollection->{closure}(Object(CodeIgniter\Router\RouteCollection))
 4 APPPATH\Config\Routes.php(71): CodeIgniter\Router\RouteCollection->group('users', [...], Object(Closure))
 5 SYSTEMPATH\Router\RouteCollection.php(339): require('C:\\xampp\\htdocs\\SALONES codeigniter4\\app\\Config\\Routes.php')
 6 SYSTEMPATH\Test\bootstrap.php(90): CodeIgniter\Router\RouteCollection->loadRoutes()
 7 VENDORPATH\phpunit\phpunit\src\TextUI\Application.php(351): include_once('C:\\xampp\\htdocs\\SALONES codeigniter4\\system\\Test\\bootstrap.php')
 8 VENDORPATH\phpunit\phpunit\src\TextUI\Application.php(121): PHPUnit\TextUI\Application->loadBootstrapScript('C:\\xampp\\htdocs\\SALONES codeigniter4\\system/Test/bootstrap.php')
 9 VENDORPATH\phpunit\phpunit\phpunit(104): PHPUnit\TextUI\Application->run([...])
10 VENDORPATH\bin\phpunit(122): include('C:\\xampp\\htdocs\\SALONES codeigniter4\\vendor\\phpunit\\phpunit\\phpunit')
WARNING - 2025-08-05 01:53:50 --> [DEPRECATED] Passing lowercase HTTP method "post" is deprecated. Use uppercase HTTP method like "POST". in SYSTEMPATH\Router\RouteCollection.php on line 1026.
 1 SYSTEMPATH\Router\RouteCollection.php(1026): trigger_error('Passing lowercase HTTP method "post" is deprecated. Use uppercase HTTP method like "POST".', 16384)
 2 APPPATH\Config\Routes.php(79): CodeIgniter\Router\RouteCollection->match([...], 'update/(:num)', 'User::update/$1')
 3 SYSTEMPATH\Router\RouteCollection.php(799): CodeIgniter\Router\RouteCollection->{closure}(Object(CodeIgniter\Router\RouteCollection))
 4 APPPATH\Config\Routes.php(71): CodeIgniter\Router\RouteCollection->group('users', [...], Object(Closure))
 5 SYSTEMPATH\Router\RouteCollection.php(339): require('C:\\xampp\\htdocs\\SALONES codeigniter4\\app\\Config\\Routes.php')
 6 SYSTEMPATH\Test\bootstrap.php(90): CodeIgniter\Router\RouteCollection->loadRoutes()
 7 VENDORPATH\phpunit\phpunit\src\TextUI\Application.php(351): include_once('C:\\xampp\\htdocs\\SALONES codeigniter4\\system\\Test\\bootstrap.php')
 8 VENDORPATH\phpunit\phpunit\src\TextUI\Application.php(121): PHPUnit\TextUI\Application->loadBootstrapScript('C:\\xampp\\htdocs\\SALONES codeigniter4\\system/Test/bootstrap.php')
 9 VENDORPATH\phpunit\phpunit\phpunit(104): PHPUnit\TextUI\Application->run([...])
10 VENDORPATH\bin\phpunit(122): include('C:\\xampp\\htdocs\\SALONES codeigniter4\\vendor\\phpunit\\phpunit\\phpunit')
WARNING - 2025-08-05 01:58:25 --> [DEPRECATED] Passing lowercase HTTP method "get" is deprecated. Use uppercase HTTP method like "GET". in SYSTEMPATH\Router\RouteCollection.php on line 1026.
 1 SYSTEMPATH\Router\RouteCollection.php(1026): trigger_error('Passing lowercase HTTP method "get" is deprecated. Use uppercase HTTP method like "GET".', 16384)
 2 APPPATH\Config\Routes.php(54): CodeIgniter\Router\RouteCollection->match([...], 'create', 'Inventory::create')
 3 SYSTEMPATH\Router\RouteCollection.php(799): CodeIgniter\Router\RouteCollection->{closure}(Object(CodeIgniter\Router\RouteCollection))
 4 APPPATH\Config\Routes.php(52): CodeIgniter\Router\RouteCollection->group('inventory', Object(Closure))
 5 SYSTEMPATH\Router\RouteCollection.php(339): require('C:\\xampp\\htdocs\\SALONES codeigniter4\\app\\Config\\Routes.php')
 6 SYSTEMPATH\Test\bootstrap.php(90): CodeIgniter\Router\RouteCollection->loadRoutes()
 7 VENDORPATH\phpunit\phpunit\src\TextUI\Application.php(351): include_once('C:\\xampp\\htdocs\\SALONES codeigniter4\\system\\Test\\bootstrap.php')
 8 VENDORPATH\phpunit\phpunit\src\TextUI\Application.php(121): PHPUnit\TextUI\Application->loadBootstrapScript('C:\\xampp\\htdocs\\SALONES codeigniter4\\system/Test/bootstrap.php')
 9 VENDORPATH\phpunit\phpunit\phpunit(104): PHPUnit\TextUI\Application->run([...])
10 VENDORPATH\bin\phpunit(122): include('C:\\xampp\\htdocs\\SALONES codeigniter4\\vendor\\phpunit\\phpunit\\phpunit')
WARNING - 2025-08-05 01:58:25 --> [DEPRECATED] Passing lowercase HTTP method "post" is deprecated. Use uppercase HTTP method like "POST". in SYSTEMPATH\Router\RouteCollection.php on line 1026.
 1 SYSTEMPATH\Router\RouteCollection.php(1026): trigger_error('Passing lowercase HTTP method "post" is deprecated. Use uppercase HTTP method like "POST".', 16384)
 2 APPPATH\Config\Routes.php(54): CodeIgniter\Router\RouteCollection->match([...], 'create', 'Inventory::create')
 3 SYSTEMPATH\Router\RouteCollection.php(799): CodeIgniter\Router\RouteCollection->{closure}(Object(CodeIgniter\Router\RouteCollection))
 4 APPPATH\Config\Routes.php(52): CodeIgniter\Router\RouteCollection->group('inventory', Object(Closure))
 5 SYSTEMPATH\Router\RouteCollection.php(339): require('C:\\xampp\\htdocs\\SALONES codeigniter4\\app\\Config\\Routes.php')
 6 SYSTEMPATH\Test\bootstrap.php(90): CodeIgniter\Router\RouteCollection->loadRoutes()
 7 VENDORPATH\phpunit\phpunit\src\TextUI\Application.php(351): include_once('C:\\xampp\\htdocs\\SALONES codeigniter4\\system\\Test\\bootstrap.php')
 8 VENDORPATH\phpunit\phpunit\src\TextUI\Application.php(121): PHPUnit\TextUI\Application->loadBootstrapScript('C:\\xampp\\htdocs\\SALONES codeigniter4\\system/Test/bootstrap.php')
 9 VENDORPATH\phpunit\phpunit\phpunit(104): PHPUnit\TextUI\Application->run([...])
10 VENDORPATH\bin\phpunit(122): include('C:\\xampp\\htdocs\\SALONES codeigniter4\\vendor\\phpunit\\phpunit\\phpunit')
WARNING - 2025-08-05 01:58:25 --> [DEPRECATED] Passing lowercase HTTP method "put" is deprecated. Use uppercase HTTP method like "PUT". in SYSTEMPATH\Router\RouteCollection.php on line 1026.
 1 SYSTEMPATH\Router\RouteCollection.php(1026): trigger_error('Passing lowercase HTTP method "put" is deprecated. Use uppercase HTTP method like "PUT".', 16384)
 2 APPPATH\Config\Routes.php(79): CodeIgniter\Router\RouteCollection->match([...], 'update/(:num)', 'User::update/$1')
 3 SYSTEMPATH\Router\RouteCollection.php(799): CodeIgniter\Router\RouteCollection->{closure}(Object(CodeIgniter\Router\RouteCollection))
 4 APPPATH\Config\Routes.php(71): CodeIgniter\Router\RouteCollection->group('users', [...], Object(Closure))
 5 SYSTEMPATH\Router\RouteCollection.php(339): require('C:\\xampp\\htdocs\\SALONES codeigniter4\\app\\Config\\Routes.php')
 6 SYSTEMPATH\Test\bootstrap.php(90): CodeIgniter\Router\RouteCollection->loadRoutes()
 7 VENDORPATH\phpunit\phpunit\src\TextUI\Application.php(351): include_once('C:\\xampp\\htdocs\\SALONES codeigniter4\\system\\Test\\bootstrap.php')
 8 VENDORPATH\phpunit\phpunit\src\TextUI\Application.php(121): PHPUnit\TextUI\Application->loadBootstrapScript('C:\\xampp\\htdocs\\SALONES codeigniter4\\system/Test/bootstrap.php')
 9 VENDORPATH\phpunit\phpunit\phpunit(104): PHPUnit\TextUI\Application->run([...])
10 VENDORPATH\bin\phpunit(122): include('C:\\xampp\\htdocs\\SALONES codeigniter4\\vendor\\phpunit\\phpunit\\phpunit')
WARNING - 2025-08-05 01:58:25 --> [DEPRECATED] Passing lowercase HTTP method "post" is deprecated. Use uppercase HTTP method like "POST". in SYSTEMPATH\Router\RouteCollection.php on line 1026.
 1 SYSTEMPATH\Router\RouteCollection.php(1026): trigger_error('Passing lowercase HTTP method "post" is deprecated. Use uppercase HTTP method like "POST".', 16384)
 2 APPPATH\Config\Routes.php(79): CodeIgniter\Router\RouteCollection->match([...], 'update/(:num)', 'User::update/$1')
 3 SYSTEMPATH\Router\RouteCollection.php(799): CodeIgniter\Router\RouteCollection->{closure}(Object(CodeIgniter\Router\RouteCollection))
 4 APPPATH\Config\Routes.php(71): CodeIgniter\Router\RouteCollection->group('users', [...], Object(Closure))
 5 SYSTEMPATH\Router\RouteCollection.php(339): require('C:\\xampp\\htdocs\\SALONES codeigniter4\\app\\Config\\Routes.php')
 6 SYSTEMPATH\Test\bootstrap.php(90): CodeIgniter\Router\RouteCollection->loadRoutes()
 7 VENDORPATH\phpunit\phpunit\src\TextUI\Application.php(351): include_once('C:\\xampp\\htdocs\\SALONES codeigniter4\\system\\Test\\bootstrap.php')
 8 VENDORPATH\phpunit\phpunit\src\TextUI\Application.php(121): PHPUnit\TextUI\Application->loadBootstrapScript('C:\\xampp\\htdocs\\SALONES codeigniter4\\system/Test/bootstrap.php')
 9 VENDORPATH\phpunit\phpunit\phpunit(104): PHPUnit\TextUI\Application->run([...])
10 VENDORPATH\bin\phpunit(122): include('C:\\xampp\\htdocs\\SALONES codeigniter4\\vendor\\phpunit\\phpunit\\phpunit')
WARNING - 2025-08-05 01:58:40 --> [DEPRECATED] Passing lowercase HTTP method "get" is deprecated. Use uppercase HTTP method like "GET". in SYSTEMPATH\Router\RouteCollection.php on line 1026.
 1 SYSTEMPATH\Router\RouteCollection.php(1026): trigger_error('Passing lowercase HTTP method "get" is deprecated. Use uppercase HTTP method like "GET".', 16384)
 2 APPPATH\Config\Routes.php(54): CodeIgniter\Router\RouteCollection->match([...], 'create', 'Inventory::create')
 3 SYSTEMPATH\Router\RouteCollection.php(799): CodeIgniter\Router\RouteCollection->{closure}(Object(CodeIgniter\Router\RouteCollection))
 4 APPPATH\Config\Routes.php(52): CodeIgniter\Router\RouteCollection->group('inventory', Object(Closure))
 5 SYSTEMPATH\Router\RouteCollection.php(339): require('C:\\xampp\\htdocs\\SALONES codeigniter4\\app\\Config\\Routes.php')
 6 SYSTEMPATH\Test\bootstrap.php(90): CodeIgniter\Router\RouteCollection->loadRoutes()
 7 VENDORPATH\phpunit\phpunit\src\TextUI\Application.php(351): include_once('C:\\xampp\\htdocs\\SALONES codeigniter4\\system\\Test\\bootstrap.php')
 8 VENDORPATH\phpunit\phpunit\src\TextUI\Application.php(121): PHPUnit\TextUI\Application->loadBootstrapScript('C:\\xampp\\htdocs\\SALONES codeigniter4\\system/Test/bootstrap.php')
 9 VENDORPATH\phpunit\phpunit\phpunit(104): PHPUnit\TextUI\Application->run([...])
10 VENDORPATH\bin\phpunit(122): include('C:\\xampp\\htdocs\\SALONES codeigniter4\\vendor\\phpunit\\phpunit\\phpunit')
WARNING - 2025-08-05 01:58:40 --> [DEPRECATED] Passing lowercase HTTP method "post" is deprecated. Use uppercase HTTP method like "POST". in SYSTEMPATH\Router\RouteCollection.php on line 1026.
 1 SYSTEMPATH\Router\RouteCollection.php(1026): trigger_error('Passing lowercase HTTP method "post" is deprecated. Use uppercase HTTP method like "POST".', 16384)
 2 APPPATH\Config\Routes.php(54): CodeIgniter\Router\RouteCollection->match([...], 'create', 'Inventory::create')
 3 SYSTEMPATH\Router\RouteCollection.php(799): CodeIgniter\Router\RouteCollection->{closure}(Object(CodeIgniter\Router\RouteCollection))
 4 APPPATH\Config\Routes.php(52): CodeIgniter\Router\RouteCollection->group('inventory', Object(Closure))
 5 SYSTEMPATH\Router\RouteCollection.php(339): require('C:\\xampp\\htdocs\\SALONES codeigniter4\\app\\Config\\Routes.php')
 6 SYSTEMPATH\Test\bootstrap.php(90): CodeIgniter\Router\RouteCollection->loadRoutes()
 7 VENDORPATH\phpunit\phpunit\src\TextUI\Application.php(351): include_once('C:\\xampp\\htdocs\\SALONES codeigniter4\\system\\Test\\bootstrap.php')
 8 VENDORPATH\phpunit\phpunit\src\TextUI\Application.php(121): PHPUnit\TextUI\Application->loadBootstrapScript('C:\\xampp\\htdocs\\SALONES codeigniter4\\system/Test/bootstrap.php')
 9 VENDORPATH\phpunit\phpunit\phpunit(104): PHPUnit\TextUI\Application->run([...])
10 VENDORPATH\bin\phpunit(122): include('C:\\xampp\\htdocs\\SALONES codeigniter4\\vendor\\phpunit\\phpunit\\phpunit')
WARNING - 2025-08-05 01:58:40 --> [DEPRECATED] Passing lowercase HTTP method "put" is deprecated. Use uppercase HTTP method like "PUT". in SYSTEMPATH\Router\RouteCollection.php on line 1026.
 1 SYSTEMPATH\Router\RouteCollection.php(1026): trigger_error('Passing lowercase HTTP method "put" is deprecated. Use uppercase HTTP method like "PUT".', 16384)
 2 APPPATH\Config\Routes.php(79): CodeIgniter\Router\RouteCollection->match([...], 'update/(:num)', 'User::update/$1')
 3 SYSTEMPATH\Router\RouteCollection.php(799): CodeIgniter\Router\RouteCollection->{closure}(Object(CodeIgniter\Router\RouteCollection))
 4 APPPATH\Config\Routes.php(71): CodeIgniter\Router\RouteCollection->group('users', [...], Object(Closure))
 5 SYSTEMPATH\Router\RouteCollection.php(339): require('C:\\xampp\\htdocs\\SALONES codeigniter4\\app\\Config\\Routes.php')
 6 SYSTEMPATH\Test\bootstrap.php(90): CodeIgniter\Router\RouteCollection->loadRoutes()
 7 VENDORPATH\phpunit\phpunit\src\TextUI\Application.php(351): include_once('C:\\xampp\\htdocs\\SALONES codeigniter4\\system\\Test\\bootstrap.php')
 8 VENDORPATH\phpunit\phpunit\src\TextUI\Application.php(121): PHPUnit\TextUI\Application->loadBootstrapScript('C:\\xampp\\htdocs\\SALONES codeigniter4\\system/Test/bootstrap.php')
 9 VENDORPATH\phpunit\phpunit\phpunit(104): PHPUnit\TextUI\Application->run([...])
10 VENDORPATH\bin\phpunit(122): include('C:\\xampp\\htdocs\\SALONES codeigniter4\\vendor\\phpunit\\phpunit\\phpunit')
WARNING - 2025-08-05 01:58:40 --> [DEPRECATED] Passing lowercase HTTP method "post" is deprecated. Use uppercase HTTP method like "POST". in SYSTEMPATH\Router\RouteCollection.php on line 1026.
 1 SYSTEMPATH\Router\RouteCollection.php(1026): trigger_error('Passing lowercase HTTP method "post" is deprecated. Use uppercase HTTP method like "POST".', 16384)
 2 APPPATH\Config\Routes.php(79): CodeIgniter\Router\RouteCollection->match([...], 'update/(:num)', 'User::update/$1')
 3 SYSTEMPATH\Router\RouteCollection.php(799): CodeIgniter\Router\RouteCollection->{closure}(Object(CodeIgniter\Router\RouteCollection))
 4 APPPATH\Config\Routes.php(71): CodeIgniter\Router\RouteCollection->group('users', [...], Object(Closure))
 5 SYSTEMPATH\Router\RouteCollection.php(339): require('C:\\xampp\\htdocs\\SALONES codeigniter4\\app\\Config\\Routes.php')
 6 SYSTEMPATH\Test\bootstrap.php(90): CodeIgniter\Router\RouteCollection->loadRoutes()
 7 VENDORPATH\phpunit\phpunit\src\TextUI\Application.php(351): include_once('C:\\xampp\\htdocs\\SALONES codeigniter4\\system\\Test\\bootstrap.php')
 8 VENDORPATH\phpunit\phpunit\src\TextUI\Application.php(121): PHPUnit\TextUI\Application->loadBootstrapScript('C:\\xampp\\htdocs\\SALONES codeigniter4\\system/Test/bootstrap.php')
 9 VENDORPATH\phpunit\phpunit\phpunit(104): PHPUnit\TextUI\Application->run([...])
10 VENDORPATH\bin\phpunit(122): include('C:\\xampp\\htdocs\\SALONES codeigniter4\\vendor\\phpunit\\phpunit\\phpunit')
WARNING - 2025-08-05 02:00:19 --> [DEPRECATED] Passing lowercase HTTP method "get" is deprecated. Use uppercase HTTP method like "GET". in SYSTEMPATH\Router\RouteCollection.php on line 1026.
 1 SYSTEMPATH\Router\RouteCollection.php(1026): trigger_error('Passing lowercase HTTP method "get" is deprecated. Use uppercase HTTP method like "GET".', 16384)
 2 APPPATH\Config\Routes.php(54): CodeIgniter\Router\RouteCollection->match([...], 'create', 'Inventory::create')
 3 SYSTEMPATH\Router\RouteCollection.php(799): CodeIgniter\Router\RouteCollection->{closure}(Object(CodeIgniter\Router\RouteCollection))
 4 APPPATH\Config\Routes.php(52): CodeIgniter\Router\RouteCollection->group('inventory', Object(Closure))
 5 SYSTEMPATH\Router\RouteCollection.php(339): require('C:\\xampp\\htdocs\\SALONES codeigniter4\\app\\Config\\Routes.php')
 6 SYSTEMPATH\Test\bootstrap.php(90): CodeIgniter\Router\RouteCollection->loadRoutes()
 7 VENDORPATH\phpunit\phpunit\src\TextUI\Application.php(351): include_once('C:\\xampp\\htdocs\\SALONES codeigniter4\\system\\Test\\bootstrap.php')
 8 VENDORPATH\phpunit\phpunit\src\TextUI\Application.php(121): PHPUnit\TextUI\Application->loadBootstrapScript('C:\\xampp\\htdocs\\SALONES codeigniter4\\system/Test/bootstrap.php')
 9 VENDORPATH\phpunit\phpunit\phpunit(104): PHPUnit\TextUI\Application->run([...])
10 VENDORPATH\bin\phpunit(122): include('C:\\xampp\\htdocs\\SALONES codeigniter4\\vendor\\phpunit\\phpunit\\phpunit')
WARNING - 2025-08-05 02:00:19 --> [DEPRECATED] Passing lowercase HTTP method "post" is deprecated. Use uppercase HTTP method like "POST". in SYSTEMPATH\Router\RouteCollection.php on line 1026.
 1 SYSTEMPATH\Router\RouteCollection.php(1026): trigger_error('Passing lowercase HTTP method "post" is deprecated. Use uppercase HTTP method like "POST".', 16384)
 2 APPPATH\Config\Routes.php(54): CodeIgniter\Router\RouteCollection->match([...], 'create', 'Inventory::create')
 3 SYSTEMPATH\Router\RouteCollection.php(799): CodeIgniter\Router\RouteCollection->{closure}(Object(CodeIgniter\Router\RouteCollection))
 4 APPPATH\Config\Routes.php(52): CodeIgniter\Router\RouteCollection->group('inventory', Object(Closure))
 5 SYSTEMPATH\Router\RouteCollection.php(339): require('C:\\xampp\\htdocs\\SALONES codeigniter4\\app\\Config\\Routes.php')
 6 SYSTEMPATH\Test\bootstrap.php(90): CodeIgniter\Router\RouteCollection->loadRoutes()
 7 VENDORPATH\phpunit\phpunit\src\TextUI\Application.php(351): include_once('C:\\xampp\\htdocs\\SALONES codeigniter4\\system\\Test\\bootstrap.php')
 8 VENDORPATH\phpunit\phpunit\src\TextUI\Application.php(121): PHPUnit\TextUI\Application->loadBootstrapScript('C:\\xampp\\htdocs\\SALONES codeigniter4\\system/Test/bootstrap.php')
 9 VENDORPATH\phpunit\phpunit\phpunit(104): PHPUnit\TextUI\Application->run([...])
10 VENDORPATH\bin\phpunit(122): include('C:\\xampp\\htdocs\\SALONES codeigniter4\\vendor\\phpunit\\phpunit\\phpunit')
WARNING - 2025-08-05 02:00:19 --> [DEPRECATED] Passing lowercase HTTP method "put" is deprecated. Use uppercase HTTP method like "PUT". in SYSTEMPATH\Router\RouteCollection.php on line 1026.
 1 SYSTEMPATH\Router\RouteCollection.php(1026): trigger_error('Passing lowercase HTTP method "put" is deprecated. Use uppercase HTTP method like "PUT".', 16384)
 2 APPPATH\Config\Routes.php(79): CodeIgniter\Router\RouteCollection->match([...], 'update/(:num)', 'User::update/$1')
 3 SYSTEMPATH\Router\RouteCollection.php(799): CodeIgniter\Router\RouteCollection->{closure}(Object(CodeIgniter\Router\RouteCollection))
 4 APPPATH\Config\Routes.php(71): CodeIgniter\Router\RouteCollection->group('users', [...], Object(Closure))
 5 SYSTEMPATH\Router\RouteCollection.php(339): require('C:\\xampp\\htdocs\\SALONES codeigniter4\\app\\Config\\Routes.php')
 6 SYSTEMPATH\Test\bootstrap.php(90): CodeIgniter\Router\RouteCollection->loadRoutes()
 7 VENDORPATH\phpunit\phpunit\src\TextUI\Application.php(351): include_once('C:\\xampp\\htdocs\\SALONES codeigniter4\\system\\Test\\bootstrap.php')
 8 VENDORPATH\phpunit\phpunit\src\TextUI\Application.php(121): PHPUnit\TextUI\Application->loadBootstrapScript('C:\\xampp\\htdocs\\SALONES codeigniter4\\system/Test/bootstrap.php')
 9 VENDORPATH\phpunit\phpunit\phpunit(104): PHPUnit\TextUI\Application->run([...])
10 VENDORPATH\bin\phpunit(122): include('C:\\xampp\\htdocs\\SALONES codeigniter4\\vendor\\phpunit\\phpunit\\phpunit')
WARNING - 2025-08-05 02:00:19 --> [DEPRECATED] Passing lowercase HTTP method "post" is deprecated. Use uppercase HTTP method like "POST". in SYSTEMPATH\Router\RouteCollection.php on line 1026.
 1 SYSTEMPATH\Router\RouteCollection.php(1026): trigger_error('Passing lowercase HTTP method "post" is deprecated. Use uppercase HTTP method like "POST".', 16384)
 2 APPPATH\Config\Routes.php(79): CodeIgniter\Router\RouteCollection->match([...], 'update/(:num)', 'User::update/$1')
 3 SYSTEMPATH\Router\RouteCollection.php(799): CodeIgniter\Router\RouteCollection->{closure}(Object(CodeIgniter\Router\RouteCollection))
 4 APPPATH\Config\Routes.php(71): CodeIgniter\Router\RouteCollection->group('users', [...], Object(Closure))
 5 SYSTEMPATH\Router\RouteCollection.php(339): require('C:\\xampp\\htdocs\\SALONES codeigniter4\\app\\Config\\Routes.php')
 6 SYSTEMPATH\Test\bootstrap.php(90): CodeIgniter\Router\RouteCollection->loadRoutes()
 7 VENDORPATH\phpunit\phpunit\src\TextUI\Application.php(351): include_once('C:\\xampp\\htdocs\\SALONES codeigniter4\\system\\Test\\bootstrap.php')
 8 VENDORPATH\phpunit\phpunit\src\TextUI\Application.php(121): PHPUnit\TextUI\Application->loadBootstrapScript('C:\\xampp\\htdocs\\SALONES codeigniter4\\system/Test/bootstrap.php')
 9 VENDORPATH\phpunit\phpunit\phpunit(104): PHPUnit\TextUI\Application->run([...])
10 VENDORPATH\bin\phpunit(122): include('C:\\xampp\\htdocs\\SALONES codeigniter4\\vendor\\phpunit\\phpunit\\phpunit')
WARNING - 2025-08-05 02:01:07 --> [DEPRECATED] Passing lowercase HTTP method "get" is deprecated. Use uppercase HTTP method like "GET". in SYSTEMPATH\Router\RouteCollection.php on line 1026.
 1 SYSTEMPATH\Router\RouteCollection.php(1026): trigger_error('Passing lowercase HTTP method "get" is deprecated. Use uppercase HTTP method like "GET".', 16384)
 2 APPPATH\Config\Routes.php(54): CodeIgniter\Router\RouteCollection->match([...], 'create', 'Inventory::create')
 3 SYSTEMPATH\Router\RouteCollection.php(799): CodeIgniter\Router\RouteCollection->{closure}(Object(CodeIgniter\Router\RouteCollection))
 4 APPPATH\Config\Routes.php(52): CodeIgniter\Router\RouteCollection->group('inventory', Object(Closure))
 5 SYSTEMPATH\Router\RouteCollection.php(339): require('C:\\xampp\\htdocs\\SALONES codeigniter4\\app\\Config\\Routes.php')
 6 SYSTEMPATH\Test\bootstrap.php(90): CodeIgniter\Router\RouteCollection->loadRoutes()
 7 VENDORPATH\phpunit\phpunit\src\TextUI\Application.php(351): include_once('C:\\xampp\\htdocs\\SALONES codeigniter4\\system\\Test\\bootstrap.php')
 8 VENDORPATH\phpunit\phpunit\src\TextUI\Application.php(121): PHPUnit\TextUI\Application->loadBootstrapScript('C:\\xampp\\htdocs\\SALONES codeigniter4\\system/Test/bootstrap.php')
 9 VENDORPATH\phpunit\phpunit\phpunit(104): PHPUnit\TextUI\Application->run([...])
10 VENDORPATH\bin\phpunit(122): include('C:\\xampp\\htdocs\\SALONES codeigniter4\\vendor\\phpunit\\phpunit\\phpunit')
WARNING - 2025-08-05 02:01:07 --> [DEPRECATED] Passing lowercase HTTP method "post" is deprecated. Use uppercase HTTP method like "POST". in SYSTEMPATH\Router\RouteCollection.php on line 1026.
 1 SYSTEMPATH\Router\RouteCollection.php(1026): trigger_error('Passing lowercase HTTP method "post" is deprecated. Use uppercase HTTP method like "POST".', 16384)
 2 APPPATH\Config\Routes.php(54): CodeIgniter\Router\RouteCollection->match([...], 'create', 'Inventory::create')
 3 SYSTEMPATH\Router\RouteCollection.php(799): CodeIgniter\Router\RouteCollection->{closure}(Object(CodeIgniter\Router\RouteCollection))
 4 APPPATH\Config\Routes.php(52): CodeIgniter\Router\RouteCollection->group('inventory', Object(Closure))
 5 SYSTEMPATH\Router\RouteCollection.php(339): require('C:\\xampp\\htdocs\\SALONES codeigniter4\\app\\Config\\Routes.php')
 6 SYSTEMPATH\Test\bootstrap.php(90): CodeIgniter\Router\RouteCollection->loadRoutes()
 7 VENDORPATH\phpunit\phpunit\src\TextUI\Application.php(351): include_once('C:\\xampp\\htdocs\\SALONES codeigniter4\\system\\Test\\bootstrap.php')
 8 VENDORPATH\phpunit\phpunit\src\TextUI\Application.php(121): PHPUnit\TextUI\Application->loadBootstrapScript('C:\\xampp\\htdocs\\SALONES codeigniter4\\system/Test/bootstrap.php')
 9 VENDORPATH\phpunit\phpunit\phpunit(104): PHPUnit\TextUI\Application->run([...])
10 VENDORPATH\bin\phpunit(122): include('C:\\xampp\\htdocs\\SALONES codeigniter4\\vendor\\phpunit\\phpunit\\phpunit')
WARNING - 2025-08-05 02:01:07 --> [DEPRECATED] Passing lowercase HTTP method "put" is deprecated. Use uppercase HTTP method like "PUT". in SYSTEMPATH\Router\RouteCollection.php on line 1026.
 1 SYSTEMPATH\Router\RouteCollection.php(1026): trigger_error('Passing lowercase HTTP method "put" is deprecated. Use uppercase HTTP method like "PUT".', 16384)
 2 APPPATH\Config\Routes.php(79): CodeIgniter\Router\RouteCollection->match([...], 'update/(:num)', 'User::update/$1')
 3 SYSTEMPATH\Router\RouteCollection.php(799): CodeIgniter\Router\RouteCollection->{closure}(Object(CodeIgniter\Router\RouteCollection))
 4 APPPATH\Config\Routes.php(71): CodeIgniter\Router\RouteCollection->group('users', [...], Object(Closure))
 5 SYSTEMPATH\Router\RouteCollection.php(339): require('C:\\xampp\\htdocs\\SALONES codeigniter4\\app\\Config\\Routes.php')
 6 SYSTEMPATH\Test\bootstrap.php(90): CodeIgniter\Router\RouteCollection->loadRoutes()
 7 VENDORPATH\phpunit\phpunit\src\TextUI\Application.php(351): include_once('C:\\xampp\\htdocs\\SALONES codeigniter4\\system\\Test\\bootstrap.php')
 8 VENDORPATH\phpunit\phpunit\src\TextUI\Application.php(121): PHPUnit\TextUI\Application->loadBootstrapScript('C:\\xampp\\htdocs\\SALONES codeigniter4\\system/Test/bootstrap.php')
 9 VENDORPATH\phpunit\phpunit\phpunit(104): PHPUnit\TextUI\Application->run([...])
10 VENDORPATH\bin\phpunit(122): include('C:\\xampp\\htdocs\\SALONES codeigniter4\\vendor\\phpunit\\phpunit\\phpunit')
WARNING - 2025-08-05 02:01:07 --> [DEPRECATED] Passing lowercase HTTP method "post" is deprecated. Use uppercase HTTP method like "POST". in SYSTEMPATH\Router\RouteCollection.php on line 1026.
 1 SYSTEMPATH\Router\RouteCollection.php(1026): trigger_error('Passing lowercase HTTP method "post" is deprecated. Use uppercase HTTP method like "POST".', 16384)
 2 APPPATH\Config\Routes.php(79): CodeIgniter\Router\RouteCollection->match([...], 'update/(:num)', 'User::update/$1')
 3 SYSTEMPATH\Router\RouteCollection.php(799): CodeIgniter\Router\RouteCollection->{closure}(Object(CodeIgniter\Router\RouteCollection))
 4 APPPATH\Config\Routes.php(71): CodeIgniter\Router\RouteCollection->group('users', [...], Object(Closure))
 5 SYSTEMPATH\Router\RouteCollection.php(339): require('C:\\xampp\\htdocs\\SALONES codeigniter4\\app\\Config\\Routes.php')
 6 SYSTEMPATH\Test\bootstrap.php(90): CodeIgniter\Router\RouteCollection->loadRoutes()
 7 VENDORPATH\phpunit\phpunit\src\TextUI\Application.php(351): include_once('C:\\xampp\\htdocs\\SALONES codeigniter4\\system\\Test\\bootstrap.php')
 8 VENDORPATH\phpunit\phpunit\src\TextUI\Application.php(121): PHPUnit\TextUI\Application->loadBootstrapScript('C:\\xampp\\htdocs\\SALONES codeigniter4\\system/Test/bootstrap.php')
 9 VENDORPATH\phpunit\phpunit\phpunit(104): PHPUnit\TextUI\Application->run([...])
10 VENDORPATH\bin\phpunit(122): include('C:\\xampp\\htdocs\\SALONES codeigniter4\\vendor\\phpunit\\phpunit\\phpunit')
